<?xml version="1.0" encoding="UTF-8"?>
<coverage generated="1742490977041" clover="3.2.0">
  <project timestamp="1742490977042" name="All files">
    <metrics statements="437" coveredstatements="365" conditionals="136" coveredconditionals="109" methods="83" coveredmethods="66" elements="656" coveredelements="540" complexity="0" loc="437" ncloc="437" packages="4" files="6" classes="6"/>
    <package name="actors">
      <metrics statements="250" coveredstatements="190" conditionals="69" coveredconditionals="54" methods="47" coveredmethods="32"/>
      <file name="food.ts" path="/Volumes/Data/Perso/blob-simulator/src/actors/food.ts">
        <metrics statements="48" coveredstatements="38" conditionals="15" coveredconditionals="14" methods="12" coveredmethods="9"/>
        <line num="5" count="4" type="stmt"/>
        <line num="13" count="4" type="stmt"/>
        <line num="16" count="4" type="cond" truecount="2" falsecount="0"/>
        <line num="17" count="4" type="stmt"/>
        <line num="18" count="4" type="stmt"/>
        <line num="19" count="4" type="stmt"/>
        <line num="25" count="4" type="stmt"/>
        <line num="28" count="4" type="stmt"/>
        <line num="29" count="79" type="stmt"/>
        <line num="30" count="79" type="stmt"/>
        <line num="34" count="79" type="stmt"/>
        <line num="36" count="79" type="stmt"/>
        <line num="43" count="79" type="stmt"/>
        <line num="44" count="79" type="stmt"/>
        <line num="47" count="79" type="stmt"/>
        <line num="48" count="79" type="stmt"/>
        <line num="56" count="79" type="cond" truecount="3" falsecount="0"/>
        <line num="58" count="56" type="stmt"/>
        <line num="60" count="16" type="stmt"/>
        <line num="62" count="7" type="stmt"/>
        <line num="68" count="79" type="cond" truecount="3" falsecount="0"/>
        <line num="70" count="56" type="stmt"/>
        <line num="72" count="16" type="stmt"/>
        <line num="74" count="7" type="stmt"/>
        <line num="80" count="79" type="cond" truecount="3" falsecount="0"/>
        <line num="82" count="56" type="stmt"/>
        <line num="84" count="16" type="stmt"/>
        <line num="86" count="7" type="stmt"/>
        <line num="96" count="3" type="stmt"/>
        <line num="101" count="3" type="stmt"/>
        <line num="106" count="70" type="stmt"/>
        <line num="111" count="9" type="cond" truecount="1" falsecount="0"/>
        <line num="112" count="1" type="stmt"/>
        <line num="115" count="8" type="stmt"/>
        <line num="116" count="8" type="stmt"/>
        <line num="119" count="8" type="cond" truecount="1" falsecount="0"/>
        <line num="120" count="2" type="stmt"/>
        <line num="123" count="8" type="stmt"/>
        <line num="129" count="0" type="stmt"/>
        <line num="132" count="0" type="stmt"/>
        <line num="133" count="0" type="stmt"/>
        <line num="135" count="0" type="stmt"/>
        <line num="136" count="0" type="stmt"/>
        <line num="137" count="0" type="stmt"/>
        <line num="139" count="0" type="stmt"/>
        <line num="144" count="0" type="cond" truecount="0" falsecount="1"/>
        <line num="145" count="0" type="stmt"/>
        <line num="146" count="0" type="stmt"/>
      </file>
      <file name="slime.ts" path="/Volumes/Data/Perso/blob-simulator/src/actors/slime.ts">
        <metrics statements="202" coveredstatements="152" conditionals="54" coveredconditionals="40" methods="35" coveredmethods="23"/>
        <line num="5" count="4" type="stmt"/>
        <line num="16" count="4" type="stmt"/>
        <line num="17" count="4" type="stmt"/>
        <line num="19" count="4" type="stmt"/>
        <line num="22" count="4" type="cond" truecount="2" falsecount="0"/>
        <line num="23" count="4" type="stmt"/>
        <line num="24" count="4" type="stmt"/>
        <line num="25" count="4" type="stmt"/>
        <line num="26" count="4" type="stmt"/>
        <line num="30" count="4" type="cond" truecount="2" falsecount="0"/>
        <line num="31" count="4" type="stmt"/>
        <line num="32" count="4" type="stmt"/>
        <line num="36" count="4" type="cond" truecount="2" falsecount="0"/>
        <line num="37" count="4" type="stmt"/>
        <line num="38" count="4" type="stmt"/>
        <line num="39" count="4" type="stmt"/>
        <line num="42" count="4" type="stmt"/>
        <line num="43" count="4" type="stmt"/>
        <line num="46" count="36" type="stmt"/>
        <line num="47" count="36" type="stmt"/>
        <line num="49" count="36" type="stmt"/>
        <line num="50" count="36" type="stmt"/>
        <line num="51" count="36" type="stmt"/>
        <line num="52" count="36" type="stmt"/>
        <line num="55" count="36" type="stmt"/>
        <line num="58" count="36" type="stmt"/>
        <line num="59" count="36" type="stmt"/>
        <line num="60" count="36" type="stmt"/>
        <line num="61" count="36" type="stmt"/>
        <line num="62" count="36" type="stmt"/>
        <line num="65" count="36" type="stmt"/>
        <line num="66" count="36" type="stmt"/>
        <line num="67" count="36" type="stmt"/>
        <line num="68" count="36" type="stmt"/>
        <line num="69" count="36" type="stmt"/>
        <line num="70" count="36" type="stmt"/>
        <line num="71" count="36" type="stmt"/>
        <line num="72" count="36" type="stmt"/>
        <line num="73" count="36" type="stmt"/>
        <line num="76" count="36" type="stmt"/>
        <line num="77" count="36" type="stmt"/>
        <line num="80" count="36" type="stmt"/>
        <line num="88" count="36" type="cond" truecount="2" falsecount="0"/>
        <line num="90" count="36" type="stmt"/>
        <line num="99" count="36" type="stmt"/>
        <line num="100" count="36" type="stmt"/>
        <line num="101" count="36" type="stmt"/>
        <line num="102" count="36" type="stmt"/>
        <line num="103" count="36" type="stmt"/>
        <line num="104" count="36" type="stmt"/>
        <line num="111" count="36" type="stmt"/>
        <line num="112" count="36" type="stmt"/>
        <line num="113" count="36" type="stmt"/>
        <line num="114" count="36" type="stmt"/>
        <line num="122" count="36" type="stmt"/>
        <line num="124" count="0" type="cond" truecount="0" falsecount="1"/>
        <line num="127" count="0" type="stmt"/>
        <line num="130" count="0" type="stmt"/>
        <line num="131" count="0" type="stmt"/>
        <line num="134" count="0" type="stmt"/>
        <line num="137" count="0" type="stmt"/>
        <line num="143" count="2" type="stmt"/>
        <line num="144" count="2" type="stmt"/>
        <line num="147" count="2" type="stmt"/>
        <line num="149" count="0" type="cond" truecount="0" falsecount="1"/>
        <line num="150" count="0" type="stmt"/>
        <line num="151" count="0" type="stmt"/>
        <line num="159" count="2" type="stmt"/>
        <line num="160" count="2" type="stmt"/>
        <line num="163" count="2" type="stmt"/>
        <line num="164" count="2" type="stmt"/>
        <line num="167" count="2" type="stmt"/>
        <line num="168" count="8" type="stmt"/>
        <line num="171" count="2" type="stmt"/>
        <line num="172" count="8" type="stmt"/>
        <line num="177" count="1" type="stmt"/>
        <line num="182" count="0" type="cond" truecount="0" falsecount="1"/>
        <line num="185" count="0" type="stmt"/>
        <line num="188" count="0" type="stmt"/>
        <line num="191" count="0" type="stmt"/>
        <line num="196" count="0" type="cond" truecount="0" falsecount="1"/>
        <line num="199" count="0" type="cond" truecount="0" falsecount="2"/>
        <line num="200" count="0" type="stmt"/>
        <line num="202" count="0" type="stmt"/>
        <line num="213" count="3" type="stmt"/>
        <line num="214" count="3" type="stmt"/>
        <line num="217" count="3" type="stmt"/>
        <line num="220" count="3" type="stmt"/>
        <line num="228" count="3" type="stmt"/>
        <line num="231" count="3" type="stmt"/>
        <line num="232" count="3" type="cond" truecount="2" falsecount="0"/>
        <line num="233" count="1" type="stmt"/>
        <line num="234" count="2" type="cond" truecount="1" falsecount="0"/>
        <line num="236" count="1" type="stmt"/>
        <line num="245" count="3" type="cond" truecount="1" falsecount="0"/>
        <line num="246" count="3" type="stmt"/>
        <line num="260" count="0" type="stmt"/>
        <line num="263" count="0" type="cond" truecount="0" falsecount="1"/>
        <line num="264" count="0" type="stmt"/>
        <line num="273" count="3" type="stmt"/>
        <line num="276" count="3" type="stmt"/>
        <line num="279" count="3" type="cond" truecount="2" falsecount="0"/>
        <line num="280" count="1" type="stmt"/>
        <line num="283" count="2" type="cond" truecount="1" falsecount="0"/>
        <line num="284" count="1" type="stmt"/>
        <line num="288" count="3" type="stmt"/>
        <line num="292" count="3" type="stmt"/>
        <line num="293" count="3" type="stmt"/>
        <line num="295" count="3" type="cond" truecount="2" falsecount="0"/>
        <line num="296" count="1" type="stmt"/>
        <line num="297" count="1" type="stmt"/>
        <line num="298" count="2" type="cond" truecount="1" falsecount="0"/>
        <line num="299" count="1" type="stmt"/>
        <line num="300" count="1" type="stmt"/>
        <line num="303" count="3" type="stmt"/>
        <line num="304" count="3" type="stmt"/>
        <line num="311" count="0" type="stmt"/>
        <line num="312" count="0" type="stmt"/>
        <line num="315" count="0" type="cond" truecount="0" falsecount="1"/>
        <line num="316" count="0" type="stmt"/>
        <line num="317" count="0" type="stmt"/>
        <line num="318" count="0" type="stmt"/>
        <line num="322" count="0" type="cond" truecount="0" falsecount="1"/>
        <line num="323" count="0" type="stmt"/>
        <line num="324" count="0" type="stmt"/>
        <line num="325" count="0" type="stmt"/>
        <line num="329" count="0" type="cond" truecount="0" falsecount="1"/>
        <line num="330" count="0" type="stmt"/>
        <line num="331" count="0" type="stmt"/>
        <line num="332" count="0" type="stmt"/>
        <line num="336" count="0" type="cond" truecount="0" falsecount="1"/>
        <line num="337" count="0" type="stmt"/>
        <line num="338" count="0" type="stmt"/>
        <line num="339" count="0" type="stmt"/>
        <line num="348" count="12" type="stmt"/>
        <line num="351" count="12" type="cond" truecount="0" falsecount="1"/>
        <line num="352" count="0" type="stmt"/>
        <line num="356" count="12" type="stmt"/>
        <line num="357" count="12" type="stmt"/>
        <line num="360" count="12" type="stmt"/>
        <line num="368" count="5" type="stmt"/>
        <line num="371" count="5" type="cond" truecount="1" falsecount="0"/>
        <line num="373" count="2" type="stmt"/>
        <line num="374" count="2" type="stmt"/>
        <line num="377" count="2" type="cond" truecount="1" falsecount="0"/>
        <line num="378" count="1" type="stmt"/>
        <line num="381" count="2" type="stmt"/>
        <line num="385" count="5" type="stmt"/>
        <line num="388" count="5" type="stmt"/>
        <line num="391" count="5" type="cond" truecount="3" falsecount="0"/>
        <line num="392" count="2" type="stmt"/>
        <line num="400" count="9" type="stmt"/>
        <line num="402" count="9" type="cond" truecount="2" falsecount="0"/>
        <line num="403" count="4" type="stmt"/>
        <line num="404" count="5" type="cond" truecount="2" falsecount="0"/>
        <line num="405" count="1" type="stmt"/>
        <line num="407" count="4" type="stmt"/>
        <line num="415" count="5" type="stmt"/>
        <line num="416" count="5" type="stmt"/>
        <line num="417" count="5" type="stmt"/>
        <line num="420" count="5" type="stmt"/>
        <line num="422" count="5" type="cond" truecount="1" falsecount="0"/>
        <line num="423" count="5" type="stmt"/>
        <line num="427" count="5" type="cond" truecount="1" falsecount="0"/>
        <line num="428" count="1" type="stmt"/>
        <line num="437" count="1" type="stmt"/>
        <line num="445" count="8" type="stmt"/>
        <line num="446" count="8" type="stmt"/>
        <line num="449" count="8" type="cond" truecount="1" falsecount="0"/>
        <line num="450" count="2" type="stmt"/>
        <line num="453" count="8" type="stmt"/>
        <line num="454" count="8" type="stmt"/>
        <line num="456" count="8" type="cond" truecount="0" falsecount="1"/>
        <line num="457" count="0" type="stmt"/>
        <line num="458" count="0" type="stmt"/>
        <line num="461" count="8" type="cond" truecount="3" falsecount="1"/>
        <line num="463" count="0" type="stmt"/>
        <line num="464" count="0" type="stmt"/>
        <line num="466" count="4" type="stmt"/>
        <line num="467" count="4" type="stmt"/>
        <line num="469" count="1" type="stmt"/>
        <line num="470" count="1" type="stmt"/>
        <line num="472" count="3" type="stmt"/>
        <line num="473" count="3" type="stmt"/>
        <line num="482" count="4" type="cond" truecount="3" falsecount="0"/>
        <line num="484" count="1" type="stmt"/>
        <line num="487" count="3" type="stmt"/>
        <line num="490" count="3" type="cond" truecount="1" falsecount="0"/>
        <line num="491" count="1" type="stmt"/>
        <line num="499" count="2" type="cond" truecount="2" falsecount="0"/>
        <line num="502" count="2" type="stmt"/>
        <line num="507" count="0" type="stmt"/>
        <line num="508" count="0" type="stmt"/>
        <line num="513" count="1" type="stmt"/>
        <line num="514" count="1" type="stmt"/>
        <line num="519" count="0" type="stmt"/>
        <line num="524" count="0" type="stmt"/>
        <line num="529" count="1" type="stmt"/>
        <line num="534" count="0" type="stmt"/>
        <line num="541" count="2" type="stmt"/>
        <line num="548" count="0" type="stmt"/>
        <line num="555" count="0" type="stmt"/>
      </file>
    </package>
    <package name="genetics">
      <metrics statements="35" coveredstatements="34" conditionals="24" coveredconditionals="21" methods="10" coveredmethods="9"/>
      <file name="slime-dna.ts" path="/Volumes/Data/Perso/blob-simulator/src/genetics/slime-dna.ts">
        <metrics statements="35" coveredstatements="34" conditionals="24" coveredconditionals="21" methods="10" coveredmethods="9"/>
        <line num="1" count="6" type="stmt"/>
        <line num="2" count="6" type="stmt"/>
        <line num="19" count="6" type="stmt"/>
        <line num="23" count="93" type="stmt"/>
        <line num="59" count="425" type="stmt"/>
        <line num="63" count="68" type="stmt"/>
        <line num="68" count="0" type="stmt"/>
        <line num="73" count="54" type="stmt"/>
        <line num="78" count="2" type="stmt"/>
        <line num="81" count="2" type="stmt"/>
        <line num="82" count="10" type="stmt"/>
        <line num="83" count="10" type="stmt"/>
        <line num="86" count="10" type="cond" truecount="2" falsecount="0"/>
        <line num="89" count="10" type="stmt"/>
        <line num="90" count="10" type="cond" truecount="1" falsecount="0"/>
        <line num="92" count="5" type="stmt"/>
        <line num="93" count="5" type="stmt"/>
        <line num="96" count="10" type="stmt"/>
        <line num="102" count="2" type="stmt"/>
        <line num="109" count="6" type="stmt"/>
        <line num="110" count="6" type="stmt"/>
        <line num="111" count="6" type="stmt"/>
        <line num="114" count="6" type="stmt"/>
        <line num="115" count="6" type="stmt"/>
        <line num="116" count="6" type="stmt"/>
        <line num="118" count="6" type="stmt"/>
        <line num="120" count="6" type="cond" truecount="2" falsecount="0"/>
        <line num="121" count="4" type="cond" truecount="1" falsecount="1"/>
        <line num="122" count="4" type="cond" truecount="1" falsecount="1"/>
        <line num="123" count="4" type="cond" truecount="2" falsecount="0"/>
        <line num="124" count="2" type="cond" truecount="2" falsecount="0"/>
        <line num="125" count="1" type="stmt"/>
        <line num="128" count="6" type="stmt"/>
        <line num="138" count="1" type="stmt"/>
        <line num="145" count="1" type="stmt"/>
      </file>
    </package>
    <package name="managers">
      <metrics statements="127" coveredstatements="118" conditionals="42" coveredconditionals="34" methods="21" coveredmethods="20"/>
      <file name="food-manager.ts" path="/Volumes/Data/Perso/blob-simulator/src/managers/food-manager.ts">
        <metrics statements="67" coveredstatements="63" conditionals="25" coveredconditionals="23" methods="12" coveredmethods="12"/>
        <line num="5" count="1" type="stmt"/>
        <line num="6" count="1" type="stmt"/>
        <line num="7" count="1" type="stmt"/>
        <line num="18" count="1" type="stmt"/>
        <line num="20" count="6" type="stmt"/>
        <line num="22" count="6" type="stmt"/>
        <line num="25" count="6" type="stmt"/>
        <line num="26" count="6" type="stmt"/>
        <line num="42" count="6" type="stmt"/>
        <line num="45" count="6" type="stmt"/>
        <line num="46" count="63" type="stmt"/>
        <line num="47" count="63" type="cond" truecount="1" falsecount="0"/>
        <line num="48" count="63" type="stmt"/>
        <line num="52" count="6" type="stmt"/>
        <line num="61" count="3" type="stmt"/>
        <line num="63" count="3" type="cond" truecount="1" falsecount="0"/>
        <line num="64" count="3" type="stmt"/>
        <line num="67" count="3" type="stmt"/>
        <line num="68" count="3" type="cond" truecount="2" falsecount="0"/>
        <line num="70" count="6" type="stmt"/>
        <line num="71" count="6" type="cond" truecount="1" falsecount="0"/>
        <line num="72" count="6" type="stmt"/>
        <line num="73" count="6" type="stmt"/>
        <line num="74" count="6" type="stmt"/>
        <line num="79" count="3" type="stmt"/>
        <line num="87" count="69" type="stmt"/>
        <line num="90" count="69" type="stmt"/>
        <line num="91" count="1" type="stmt"/>
        <line num="100" count="1" type="stmt"/>
        <line num="101" count="1" type="cond" truecount="1" falsecount="0"/>
        <line num="102" count="1" type="stmt"/>
        <line num="110" count="5" type="stmt"/>
        <line num="117" count="1" type="stmt"/>
        <line num="125" count="69" type="stmt"/>
        <line num="126" count="69" type="stmt"/>
        <line num="127" count="69" type="stmt"/>
        <line num="128" count="69" type="stmt"/>
        <line num="129" count="69" type="stmt"/>
        <line num="132" count="69" type="stmt"/>
        <line num="133" count="69" type="stmt"/>
        <line num="134" count="69" type="stmt"/>
        <line num="135" count="69" type="stmt"/>
        <line num="138" count="69" type="stmt"/>
        <line num="139" count="69" type="stmt"/>
        <line num="140" count="577" type="stmt"/>
        <line num="141" count="577" type="stmt"/>
        <line num="142" count="577" type="stmt"/>
        <line num="145" count="577" type="cond" truecount="0" falsecount="1"/>
        <line num="146" count="0" type="stmt"/>
        <line num="147" count="0" type="stmt"/>
        <line num="151" count="69" type="cond" truecount="1" falsecount="0"/>
        <line num="152" count="69" type="stmt"/>
        <line num="157" count="0" type="stmt"/>
        <line num="164" count="69" type="stmt"/>
        <line num="165" count="69" type="cond" truecount="2" falsecount="0"/>
        <line num="166" count="6" type="stmt"/>
        <line num="167" count="63" type="cond" truecount="2" falsecount="0"/>
        <line num="168" count="13" type="stmt"/>
        <line num="170" count="50" type="stmt"/>
        <line num="179" count="69" type="stmt"/>
        <line num="180" count="69" type="cond" truecount="0" falsecount="1"/>
        <line num="181" count="0" type="stmt"/>
        <line num="185" count="69" type="stmt"/>
        <line num="188" count="69" type="stmt"/>
        <line num="189" count="69" type="stmt"/>
        <line num="191" count="69" type="stmt"/>
        <line num="199" count="1" type="stmt"/>
      </file>
      <file name="slime-manager.ts" path="/Volumes/Data/Perso/blob-simulator/src/managers/slime-manager.ts">
        <metrics statements="60" coveredstatements="55" conditionals="17" coveredconditionals="11" methods="9" coveredmethods="8"/>
        <line num="5" count="1" type="stmt"/>
        <line num="6" count="1" type="stmt"/>
        <line num="7" count="1" type="stmt"/>
        <line num="8" count="1" type="stmt"/>
        <line num="17" count="1" type="stmt"/>
        <line num="19" count="5" type="stmt"/>
        <line num="21" count="5" type="stmt"/>
        <line num="24" count="5" type="stmt"/>
        <line num="25" count="5" type="stmt"/>
        <line num="39" count="5" type="stmt"/>
        <line num="42" count="5" type="stmt"/>
        <line num="43" count="25" type="stmt"/>
        <line num="44" count="25" type="cond" truecount="1" falsecount="0"/>
        <line num="45" count="25" type="stmt"/>
        <line num="49" count="5" type="stmt"/>
        <line num="58" count="11" type="stmt"/>
        <line num="60" count="11" type="cond" truecount="1" falsecount="0"/>
        <line num="61" count="10" type="stmt"/>
        <line num="64" count="10" type="stmt"/>
        <line num="65" count="10" type="cond" truecount="2" falsecount="0"/>
        <line num="67" count="9" type="stmt"/>
        <line num="68" count="9" type="cond" truecount="1" falsecount="0"/>
        <line num="69" count="9" type="stmt"/>
        <line num="70" count="9" type="stmt"/>
        <line num="71" count="9" type="stmt"/>
        <line num="76" count="11" type="stmt"/>
        <line num="84" count="2" type="stmt"/>
        <line num="85" count="2" type="cond" truecount="1" falsecount="0"/>
        <line num="86" count="1" type="stmt"/>
        <line num="94" count="13" type="stmt"/>
        <line num="101" count="0" type="stmt"/>
        <line num="109" count="34" type="stmt"/>
        <line num="110" count="34" type="stmt"/>
        <line num="111" count="34" type="stmt"/>
        <line num="112" count="34" type="stmt"/>
        <line num="113" count="34" type="stmt"/>
        <line num="116" count="34" type="stmt"/>
        <line num="117" count="34" type="stmt"/>
        <line num="118" count="34" type="stmt"/>
        <line num="119" count="34" type="stmt"/>
        <line num="122" count="34" type="stmt"/>
        <line num="123" count="34" type="stmt"/>
        <line num="124" count="108" type="stmt"/>
        <line num="125" count="108" type="stmt"/>
        <line num="126" count="108" type="stmt"/>
        <line num="129" count="108" type="cond" truecount="0" falsecount="1"/>
        <line num="130" count="0" type="stmt"/>
        <line num="131" count="0" type="stmt"/>
        <line num="135" count="34" type="cond" truecount="1" falsecount="0"/>
        <line num="136" count="34" type="stmt"/>
        <line num="141" count="0" type="stmt"/>
        <line num="149" count="34" type="stmt"/>
        <line num="150" count="34" type="cond" truecount="0" falsecount="1"/>
        <line num="151" count="0" type="stmt"/>
        <line num="155" count="34" type="stmt"/>
        <line num="156" count="34" type="stmt"/>
        <line num="157" count="34" type="stmt"/>
        <line num="160" count="34" type="stmt"/>
        <line num="162" count="34" type="stmt"/>
        <line num="170" count="1" type="stmt"/>
      </file>
    </package>
    <package name="utils">
      <metrics statements="25" coveredstatements="23" conditionals="1" coveredconditionals="0" methods="5" coveredmethods="5"/>
      <file name="random.ts" path="/Volumes/Data/Perso/blob-simulator/src/utils/random.ts">
        <metrics statements="25" coveredstatements="23" conditionals="1" coveredconditionals="0" methods="5" coveredmethods="5"/>
        <line num="5" count="8" type="stmt"/>
        <line num="6" count="8" type="stmt"/>
        <line num="7" count="8" type="stmt"/>
        <line num="15" count="56" type="stmt"/>
        <line num="16" count="56" type="stmt"/>
        <line num="17" count="504" type="stmt"/>
        <line num="18" count="504" type="stmt"/>
        <line num="19" count="504" type="stmt"/>
        <line num="21" count="56" type="stmt"/>
        <line num="22" count="56" type="stmt"/>
        <line num="30" count="1237" type="cond" truecount="0" falsecount="1"/>
        <line num="31" count="0" type="stmt"/>
        <line num="32" count="0" type="stmt"/>
        <line num="36" count="1237" type="stmt"/>
        <line num="37" count="1237" type="stmt"/>
        <line num="38" count="1237" type="stmt"/>
        <line num="39" count="1237" type="stmt"/>
        <line num="40" count="1237" type="stmt"/>
        <line num="47" count="3" type="stmt"/>
        <line num="54" count="288" type="stmt"/>
        <line num="66" count="425" type="stmt"/>
        <line num="67" count="425" type="stmt"/>
        <line num="68" count="425" type="stmt"/>
        <line num="69" count="425" type="stmt"/>
        <line num="72" count="425" type="stmt"/>
      </file>
    </package>
  </project>
</coverage>
