{"/Volumes/Data/Perso/blob-simulator/src/actors/food.ts": {"path":"/Volumes/Data/Perso/blob-simulator/src/actors/food.ts","statementMap":{"0":{"start":{"line":5,"column":0},"end":{"line":5,"column":null}},"1":{"start":{"line":13,"column":0},"end":{"line":13,"column":41}},"2":{"start":{"line":16,"column":0},"end":{"line":16,"column":null}},"3":{"start":{"line":17,"column":2},"end":{"line":17,"column":null}},"4":{"start":{"line":18,"column":2},"end":{"line":18,"column":null}},"5":{"start":{"line":19,"column":2},"end":{"line":19,"column":null}},"6":{"start":{"line":28,"column":39},"end":{"line":28,"column":58}},"7":{"start":{"line":29,"column":52},"end":{"line":29,"column":56}},"8":{"start":{"line":30,"column":37},"end":{"line":30,"column":42}},"9":{"start":{"line":34,"column":17},"end":{"line":34,"column":42}},"10":{"start":{"line":36,"column":4},"end":{"line":41,"column":7}},"11":{"start":{"line":43,"column":4},"end":{"line":43,"column":21}},"12":{"start":{"line":44,"column":4},"end":{"line":44,"column":66}},"13":{"start":{"line":47,"column":22},"end":{"line":47,"column":48}},"14":{"start":{"line":48,"column":4},"end":{"line":51,"column":8}},"15":{"start":{"line":56,"column":4},"end":{"line":63,"column":5}},"16":{"start":{"line":58,"column":8},"end":{"line":58,"column":80}},"17":{"start":{"line":60,"column":8},"end":{"line":60,"column":84}},"18":{"start":{"line":62,"column":8},"end":{"line":62,"column":80}},"19":{"start":{"line":68,"column":4},"end":{"line":75,"column":5}},"20":{"start":{"line":70,"column":8},"end":{"line":70,"column":38}},"21":{"start":{"line":72,"column":8},"end":{"line":72,"column":38}},"22":{"start":{"line":74,"column":8},"end":{"line":74,"column":39}},"23":{"start":{"line":80,"column":4},"end":{"line":87,"column":5}},"24":{"start":{"line":82,"column":8},"end":{"line":82,"column":18}},"25":{"start":{"line":84,"column":8},"end":{"line":84,"column":18}},"26":{"start":{"line":86,"column":8},"end":{"line":86,"column":18}},"27":{"start":{"line":96,"column":4},"end":{"line":96,"column":33}},"28":{"start":{"line":101,"column":4},"end":{"line":101,"column":21}},"29":{"start":{"line":106,"column":4},"end":{"line":106,"column":31}},"30":{"start":{"line":111,"column":4},"end":{"line":113,"column":5}},"31":{"start":{"line":112,"column":6},"end":{"line":112,"column":15}},"32":{"start":{"line":115,"column":4},"end":{"line":115,"column":32}},"33":{"start":{"line":116,"column":4},"end":{"line":116,"column":29}},"34":{"start":{"line":119,"column":4},"end":{"line":121,"column":5}},"35":{"start":{"line":120,"column":6},"end":{"line":120,"column":28}},"36":{"start":{"line":123,"column":4},"end":{"line":123,"column":33}},"37":{"start":{"line":129,"column":26},"end":{"line":129,"column":44}},"38":{"start":{"line":132,"column":23},"end":{"line":132,"column":26}},"39":{"start":{"line":133,"column":22},"end":{"line":133,"column":32}},"40":{"start":{"line":135,"column":27},"end":{"line":148,"column":10}},"41":{"start":{"line":136,"column":22},"end":{"line":136,"column":44}},"42":{"start":{"line":137,"column":23},"end":{"line":137,"column":56}},"43":{"start":{"line":139,"column":6},"end":{"line":142,"column":8}},"44":{"start":{"line":144,"column":6},"end":{"line":147,"column":7}},"45":{"start":{"line":145,"column":8},"end":{"line":145,"column":38}},"46":{"start":{"line":146,"column":8},"end":{"line":146,"column":20}},"47":{"start":{"line":25,"column":0},"end":{"line":25,"column":13}}},"fnMap":{"0":{"name":"(anonymous_0)","decl":{"start":{"line":16,"column":0},"end":{"line":16,"column":12}},"loc":{"start":{"line":16,"column":20},"end":{"line":20,"column":1}}},"1":{"name":"(anonymous_1)","decl":{"start":{"line":32,"column":2},"end":{"line":32,"column":14}},"loc":{"start":{"line":32,"column":45},"end":{"line":52,"column":3}}},"2":{"name":"(anonymous_2)","decl":{"start":{"line":55,"column":10},"end":{"line":55,"column":16}},"loc":{"start":{"line":55,"column":46},"end":{"line":64,"column":3}}},"3":{"name":"(anonymous_3)","decl":{"start":{"line":67,"column":10},"end":{"line":67,"column":16}},"loc":{"start":{"line":67,"column":47},"end":{"line":76,"column":3}}},"4":{"name":"(anonymous_4)","decl":{"start":{"line":79,"column":10},"end":{"line":79,"column":16}},"loc":{"start":{"line":79,"column":58},"end":{"line":88,"column":3}}},"5":{"name":"(anonymous_5)","decl":{"start":{"line":90,"column":11},"end":{"line":90,"column":23}},"loc":{"start":{"line":90,"column":39},"end":{"line":92,"column":3}}},"6":{"name":"(anonymous_6)","decl":{"start":{"line":95,"column":9},"end":{"line":95,"column":28}},"loc":{"start":{"line":95,"column":28},"end":{"line":97,"column":3}}},"7":{"name":"(anonymous_7)","decl":{"start":{"line":100,"column":9},"end":{"line":100,"column":16}},"loc":{"start":{"line":100,"column":16},"end":{"line":102,"column":3}}},"8":{"name":"(anonymous_8)","decl":{"start":{"line":105,"column":9},"end":{"line":105,"column":28}},"loc":{"start":{"line":105,"column":59},"end":{"line":107,"column":3}}},"9":{"name":"(anonymous_9)","decl":{"start":{"line":110,"column":9},"end":{"line":110,"column":16}},"loc":{"start":{"line":110,"column":16},"end":{"line":124,"column":3}}},"10":{"name":"(anonymous_10)","decl":{"start":{"line":127,"column":9},"end":{"line":127,"column":26}},"loc":{"start":{"line":127,"column":26},"end":{"line":149,"column":3}}},"11":{"name":"(anonymous_11)","decl":{"start":{"line":135,"column":39},"end":{"line":135,"column":42}},"loc":{"start":{"line":135,"column":44},"end":{"line":148,"column":5}}}},"branchMap":{"0":{"loc":{"start":{"line":16,"column":12},"end":{"line":16,"column":null}},"type":"binary-expr","locations":[{"start":{"line":16,"column":12},"end":{"line":16,"column":20}},{"start":{"line":16,"column":20},"end":{"line":16,"column":null}}]},"1":{"loc":{"start":{"line":32,"column":14},"end":{"line":32,"column":45}},"type":"default-arg","locations":[{"start":{"line":32,"column":31},"end":{"line":32,"column":45}}]},"2":{"loc":{"start":{"line":56,"column":4},"end":{"line":63,"column":5}},"type":"switch","locations":[{"start":{"line":57,"column":6},"end":{"line":58,"column":80}},{"start":{"line":59,"column":6},"end":{"line":60,"column":84}},{"start":{"line":61,"column":6},"end":{"line":62,"column":80}}]},"3":{"loc":{"start":{"line":68,"column":4},"end":{"line":75,"column":5}},"type":"switch","locations":[{"start":{"line":69,"column":6},"end":{"line":70,"column":38}},{"start":{"line":71,"column":6},"end":{"line":72,"column":38}},{"start":{"line":73,"column":6},"end":{"line":74,"column":39}}]},"4":{"loc":{"start":{"line":80,"column":4},"end":{"line":87,"column":5}},"type":"switch","locations":[{"start":{"line":81,"column":6},"end":{"line":82,"column":18}},{"start":{"line":83,"column":6},"end":{"line":84,"column":18}},{"start":{"line":85,"column":6},"end":{"line":86,"column":18}}]},"5":{"loc":{"start":{"line":111,"column":4},"end":{"line":113,"column":5}},"type":"if","locations":[{"start":{"line":111,"column":4},"end":{"line":113,"column":5}}]},"6":{"loc":{"start":{"line":119,"column":4},"end":{"line":121,"column":5}},"type":"if","locations":[{"start":{"line":119,"column":4},"end":{"line":121,"column":5}}]},"7":{"loc":{"start":{"line":144,"column":6},"end":{"line":147,"column":7}},"type":"if","locations":[{"start":{"line":144,"column":6},"end":{"line":147,"column":7}}]}},"s":{"0":3,"1":3,"2":3,"3":3,"4":3,"5":3,"6":3,"7":79,"8":79,"9":79,"10":79,"11":79,"12":79,"13":79,"14":79,"15":79,"16":56,"17":16,"18":7,"19":79,"20":56,"21":16,"22":7,"23":79,"24":56,"25":16,"26":7,"27":3,"28":3,"29":70,"30":9,"31":1,"32":8,"33":8,"34":8,"35":2,"36":8,"37":0,"38":0,"39":0,"40":0,"41":0,"42":0,"43":0,"44":0,"45":0,"46":0,"47":3},"f":{"0":3,"1":79,"2":79,"3":79,"4":79,"5":0,"6":3,"7":3,"8":70,"9":9,"10":0,"11":0},"b":{"0":[3,3],"1":[6],"2":[56,16,7],"3":[56,16,7],"4":[56,16,7],"5":[1],"6":[2],"7":[0]}}
,"/Volumes/Data/Perso/blob-simulator/src/actors/slime.ts": {"path":"/Volumes/Data/Perso/blob-simulator/src/actors/slime.ts","statementMap":{"0":{"start":{"line":5,"column":0},"end":{"line":5,"column":null}},"1":{"start":{"line":14,"column":0},"end":{"line":14,"column":41}},"2":{"start":{"line":15,"column":0},"end":{"line":15,"column":49}},"3":{"start":{"line":17,"column":0},"end":{"line":17,"column":41}},"4":{"start":{"line":20,"column":0},"end":{"line":20,"column":null}},"5":{"start":{"line":21,"column":2},"end":{"line":21,"column":null}},"6":{"start":{"line":22,"column":2},"end":{"line":22,"column":null}},"7":{"start":{"line":23,"column":2},"end":{"line":23,"column":null}},"8":{"start":{"line":24,"column":2},"end":{"line":24,"column":null}},"9":{"start":{"line":30,"column":47},"end":{"line":30,"column":66}},"10":{"start":{"line":31,"column":23},"end":{"line":31,"column":28}},"11":{"start":{"line":33,"column":32},"end":{"line":33,"column":34}},"12":{"start":{"line":36,"column":40},"end":{"line":36,"column":41}},"13":{"start":{"line":37,"column":43},"end":{"line":37,"column":44}},"14":{"start":{"line":38,"column":27},"end":{"line":38,"column":29}},"15":{"start":{"line":39,"column":39},"end":{"line":39,"column":42}},"16":{"start":{"line":40,"column":48},"end":{"line":40,"column":53}},"17":{"start":{"line":43,"column":4},"end":{"line":49,"column":7}},"18":{"start":{"line":52,"column":4},"end":{"line":52,"column":46}},"19":{"start":{"line":54,"column":18},"end":{"line":62,"column":6}},"20":{"start":{"line":63,"column":19},"end":{"line":63,"column":67}},"21":{"start":{"line":64,"column":22},"end":{"line":64,"column":70}},"22":{"start":{"line":65,"column":21},"end":{"line":65,"column":69}},"23":{"start":{"line":66,"column":21},"end":{"line":66,"column":38}},"24":{"start":{"line":67,"column":4},"end":{"line":67,"column":35}},"25":{"start":{"line":68,"column":4},"end":{"line":73,"column":6}},"26":{"start":{"line":75,"column":22},"end":{"line":75,"column":43}},"27":{"start":{"line":76,"column":21},"end":{"line":76,"column":38}},"28":{"start":{"line":77,"column":4},"end":{"line":77,"column":35}},"29":{"start":{"line":78,"column":4},"end":{"line":83,"column":6}},"30":{"start":{"line":88,"column":4},"end":{"line":88,"column":26}},"31":{"start":{"line":89,"column":4},"end":{"line":89,"column":57}},"32":{"start":{"line":92,"column":4},"end":{"line":98,"column":7}},"33":{"start":{"line":94,"column":6},"end":{"line":97,"column":7}},"34":{"start":{"line":95,"column":21},"end":{"line":95,"column":49}},"35":{"start":{"line":96,"column":8},"end":{"line":96,"column":31}},"36":{"start":{"line":103,"column":17},"end":{"line":103,"column":46}},"37":{"start":{"line":104,"column":4},"end":{"line":104,"column":33}},"38":{"start":{"line":107,"column":21},"end":{"line":107,"column":40}},"39":{"start":{"line":108,"column":4},"end":{"line":108,"column":32}},"40":{"start":{"line":111,"column":4},"end":{"line":113,"column":7}},"41":{"start":{"line":112,"column":6},"end":{"line":112,"column":27}},"42":{"start":{"line":115,"column":4},"end":{"line":117,"column":7}},"43":{"start":{"line":116,"column":6},"end":{"line":116,"column":29}},"44":{"start":{"line":121,"column":4},"end":{"line":121,"column":20}},"45":{"start":{"line":126,"column":4},"end":{"line":126,"column":41}},"46":{"start":{"line":129,"column":4},"end":{"line":129,"column":33}},"47":{"start":{"line":132,"column":4},"end":{"line":132,"column":33}},"48":{"start":{"line":137,"column":4},"end":{"line":141,"column":5}},"49":{"start":{"line":138,"column":6},"end":{"line":138,"column":64}},"50":{"start":{"line":140,"column":6},"end":{"line":140,"column":59}},"51":{"start":{"line":149,"column":4},"end":{"line":149,"column":42}},"52":{"start":{"line":152,"column":4},"end":{"line":154,"column":5}},"53":{"start":{"line":153,"column":6},"end":{"line":153,"column":34}},"54":{"start":{"line":162,"column":23},"end":{"line":162,"column":44}},"55":{"start":{"line":164,"column":4},"end":{"line":170,"column":5}},"56":{"start":{"line":166,"column":24},"end":{"line":166,"column":64}},"57":{"start":{"line":167,"column":6},"end":{"line":167,"column":44}},"58":{"start":{"line":169,"column":6},"end":{"line":169,"column":24}},"59":{"start":{"line":173,"column":4},"end":{"line":173,"column":65}},"60":{"start":{"line":174,"column":4},"end":{"line":174,"column":33}},"61":{"start":{"line":181,"column":20},"end":{"line":181,"column":22}},"62":{"start":{"line":184,"column":4},"end":{"line":188,"column":5}},"63":{"start":{"line":185,"column":6},"end":{"line":185,"column":46}},"64":{"start":{"line":186,"column":6},"end":{"line":186,"column":54}},"65":{"start":{"line":187,"column":6},"end":{"line":187,"column":35}},"66":{"start":{"line":191,"column":4},"end":{"line":195,"column":5}},"67":{"start":{"line":192,"column":6},"end":{"line":192,"column":27}},"68":{"start":{"line":193,"column":6},"end":{"line":193,"column":55}},"69":{"start":{"line":194,"column":6},"end":{"line":194,"column":35}},"70":{"start":{"line":198,"column":4},"end":{"line":202,"column":5}},"71":{"start":{"line":199,"column":6},"end":{"line":199,"column":47}},"72":{"start":{"line":200,"column":6},"end":{"line":200,"column":52}},"73":{"start":{"line":201,"column":6},"end":{"line":201,"column":35}},"74":{"start":{"line":205,"column":4},"end":{"line":209,"column":5}},"75":{"start":{"line":206,"column":6},"end":{"line":206,"column":27}},"76":{"start":{"line":207,"column":6},"end":{"line":207,"column":54}},"77":{"start":{"line":208,"column":6},"end":{"line":208,"column":35}},"78":{"start":{"line":217,"column":29},"end":{"line":217,"column":43}},"79":{"start":{"line":220,"column":4},"end":{"line":222,"column":5}},"80":{"start":{"line":221,"column":6},"end":{"line":221,"column":13}},"81":{"start":{"line":225,"column":23},"end":{"line":225,"column":64}},"82":{"start":{"line":226,"column":23},"end":{"line":226,"column":52}},"83":{"start":{"line":229,"column":4},"end":{"line":229,"column":69}},"84":{"start":{"line":237,"column":4},"end":{"line":237,"column":55}},"85":{"start":{"line":240,"column":4},"end":{"line":244,"column":5}},"86":{"start":{"line":242,"column":30},"end":{"line":242,"column":60}},"87":{"start":{"line":243,"column":6},"end":{"line":243,"column":81}},"88":{"start":{"line":247,"column":4},"end":{"line":247,"column":43}},"89":{"start":{"line":254,"column":28},"end":{"line":254,"column":58}},"90":{"start":{"line":255,"column":21},"end":{"line":255,"column":53}},"91":{"start":{"line":257,"column":4},"end":{"line":257,"column":38}},"92":{"start":{"line":258,"column":4},"end":{"line":258,"column":31}},"93":{"start":{"line":260,"column":4},"end":{"line":263,"column":5}},"94":{"start":{"line":261,"column":6},"end":{"line":261,"column":27}},"95":{"start":{"line":262,"column":6},"end":{"line":262,"column":13}},"96":{"start":{"line":265,"column":4},"end":{"line":278,"column":5}},"97":{"start":{"line":267,"column":8},"end":{"line":267,"column":37}},"98":{"start":{"line":268,"column":8},"end":{"line":268,"column":14}},"99":{"start":{"line":270,"column":8},"end":{"line":270,"column":36}},"100":{"start":{"line":271,"column":8},"end":{"line":271,"column":14}},"101":{"start":{"line":273,"column":8},"end":{"line":273,"column":36}},"102":{"start":{"line":274,"column":8},"end":{"line":274,"column":14}},"103":{"start":{"line":276,"column":8},"end":{"line":276,"column":37}},"104":{"start":{"line":277,"column":8},"end":{"line":277,"column":14}},"105":{"start":{"line":283,"column":4},"end":{"line":283,"column":26}},"106":{"start":{"line":284,"column":4},"end":{"line":284,"column":25}},"107":{"start":{"line":289,"column":21},"end":{"line":289,"column":63}},"108":{"start":{"line":290,"column":4},"end":{"line":290,"column":31}},"109":{"start":{"line":295,"column":4},"end":{"line":295,"column":23}},"110":{"start":{"line":300,"column":4},"end":{"line":300,"column":26}},"111":{"start":{"line":305,"column":4},"end":{"line":305,"column":53}},"112":{"start":{"line":310,"column":4},"end":{"line":310,"column":48}},"113":{"start":{"line":27,"column":0},"end":{"line":27,"column":13}}},"fnMap":{"0":{"name":"(anonymous_0)","decl":{"start":{"line":20,"column":0},"end":{"line":20,"column":12}},"loc":{"start":{"line":20,"column":26},"end":{"line":25,"column":1}}},"1":{"name":"(anonymous_1)","decl":{"start":{"line":42,"column":2},"end":{"line":42,"column":14}},"loc":{"start":{"line":42,"column":28},"end":{"line":84,"column":3}}},"2":{"name":"(anonymous_2)","decl":{"start":{"line":86,"column":11},"end":{"line":86,"column":23}},"loc":{"start":{"line":86,"column":23},"end":{"line":99,"column":3}}},"3":{"name":"(anonymous_3)","decl":{"start":{"line":92,"column":30},"end":{"line":92,"column":31}},"loc":{"start":{"line":92,"column":59},"end":{"line":98,"column":5}}},"4":{"name":"(anonymous_4)","decl":{"start":{"line":101,"column":10},"end":{"line":101,"column":24}},"loc":{"start":{"line":101,"column":24},"end":{"line":118,"column":3}}},"5":{"name":"(anonymous_5)","decl":{"start":{"line":111,"column":43},"end":{"line":111,"column":47}},"loc":{"start":{"line":111,"column":50},"end":{"line":113,"column":5}}},"6":{"name":"(anonymous_6)","decl":{"start":{"line":115,"column":38},"end":{"line":115,"column":44}},"loc":{"start":{"line":115,"column":47},"end":{"line":117,"column":5}}},"7":{"name":"(anonymous_7)","decl":{"start":{"line":120,"column":9},"end":{"line":120,"column":15}},"loc":{"start":{"line":120,"column":15},"end":{"line":122,"column":3}}},"8":{"name":"(anonymous_8)","decl":{"start":{"line":124,"column":11},"end":{"line":124,"column":22}},"loc":{"start":{"line":124,"column":56},"end":{"line":133,"column":3}}},"9":{"name":"(anonymous_9)","decl":{"start":{"line":135,"column":11},"end":{"line":135,"column":23}},"loc":{"start":{"line":135,"column":59},"end":{"line":142,"column":3}}},"10":{"name":"(anonymous_10)","decl":{"start":{"line":147,"column":10},"end":{"line":147,"column":30}},"loc":{"start":{"line":147,"column":48},"end":{"line":155,"column":3}}},"11":{"name":"(anonymous_11)","decl":{"start":{"line":160,"column":10},"end":{"line":160,"column":30}},"loc":{"start":{"line":160,"column":30},"end":{"line":175,"column":3}}},"12":{"name":"(anonymous_12)","decl":{"start":{"line":180,"column":10},"end":{"line":180,"column":25}},"loc":{"start":{"line":180,"column":40},"end":{"line":210,"column":3}}},"13":{"name":"(anonymous_13)","decl":{"start":{"line":215,"column":10},"end":{"line":215,"column":21}},"loc":{"start":{"line":215,"column":32},"end":{"line":230,"column":3}}},"14":{"name":"(anonymous_14)","decl":{"start":{"line":235,"column":10},"end":{"line":235,"column":22}},"loc":{"start":{"line":235,"column":40},"end":{"line":250,"column":3}}},"15":{"name":"(anonymous_15)","decl":{"start":{"line":253,"column":9},"end":{"line":253,"column":24}},"loc":{"start":{"line":253,"column":78},"end":{"line":279,"column":3}}},"16":{"name":"(anonymous_16)","decl":{"start":{"line":282,"column":9},"end":{"line":282,"column":19}},"loc":{"start":{"line":282,"column":19},"end":{"line":285,"column":3}}},"17":{"name":"(anonymous_17)","decl":{"start":{"line":288,"column":9},"end":{"line":288,"column":18}},"loc":{"start":{"line":288,"column":31},"end":{"line":291,"column":3}}},"18":{"name":"(anonymous_18)","decl":{"start":{"line":294,"column":9},"end":{"line":294,"column":18}},"loc":{"start":{"line":294,"column":18},"end":{"line":296,"column":3}}},"19":{"name":"(anonymous_19)","decl":{"start":{"line":299,"column":9},"end":{"line":299,"column":21}},"loc":{"start":{"line":299,"column":21},"end":{"line":301,"column":3}}},"20":{"name":"(anonymous_20)","decl":{"start":{"line":304,"column":9},"end":{"line":304,"column":28}},"loc":{"start":{"line":304,"column":28},"end":{"line":306,"column":3}}},"21":{"name":"(anonymous_21)","decl":{"start":{"line":309,"column":9},"end":{"line":309,"column":23}},"loc":{"start":{"line":309,"column":23},"end":{"line":311,"column":3}}}},"branchMap":{"0":{"loc":{"start":{"line":20,"column":12},"end":{"line":20,"column":null}},"type":"binary-expr","locations":[{"start":{"line":20,"column":12},"end":{"line":20,"column":26}},{"start":{"line":20,"column":26},"end":{"line":20,"column":null}}]},"1":{"loc":{"start":{"line":52,"column":15},"end":{"line":52,"column":45}},"type":"binary-expr","locations":[{"start":{"line":52,"column":15},"end":{"line":52,"column":18}},{"start":{"line":52,"column":22},"end":{"line":52,"column":45}}]},"2":{"loc":{"start":{"line":94,"column":6},"end":{"line":97,"column":7}},"type":"if","locations":[{"start":{"line":94,"column":6},"end":{"line":97,"column":7}}]},"3":{"loc":{"start":{"line":137,"column":4},"end":{"line":141,"column":5}},"type":"if","locations":[{"start":{"line":137,"column":4},"end":{"line":141,"column":5}},{"start":{"line":139,"column":11},"end":{"line":141,"column":5}}]},"4":{"loc":{"start":{"line":152,"column":4},"end":{"line":154,"column":5}},"type":"if","locations":[{"start":{"line":152,"column":4},"end":{"line":154,"column":5}}]},"5":{"loc":{"start":{"line":164,"column":4},"end":{"line":170,"column":5}},"type":"if","locations":[{"start":{"line":164,"column":4},"end":{"line":170,"column":5}},{"start":{"line":168,"column":11},"end":{"line":170,"column":5}}]},"6":{"loc":{"start":{"line":184,"column":4},"end":{"line":188,"column":5}},"type":"if","locations":[{"start":{"line":184,"column":4},"end":{"line":188,"column":5}}]},"7":{"loc":{"start":{"line":191,"column":4},"end":{"line":195,"column":5}},"type":"if","locations":[{"start":{"line":191,"column":4},"end":{"line":195,"column":5}}]},"8":{"loc":{"start":{"line":198,"column":4},"end":{"line":202,"column":5}},"type":"if","locations":[{"start":{"line":198,"column":4},"end":{"line":202,"column":5}}]},"9":{"loc":{"start":{"line":205,"column":4},"end":{"line":209,"column":5}},"type":"if","locations":[{"start":{"line":205,"column":4},"end":{"line":209,"column":5}}]},"10":{"loc":{"start":{"line":220,"column":4},"end":{"line":222,"column":5}},"type":"if","locations":[{"start":{"line":220,"column":4},"end":{"line":222,"column":5}}]},"11":{"loc":{"start":{"line":240,"column":4},"end":{"line":244,"column":5}},"type":"if","locations":[{"start":{"line":240,"column":4},"end":{"line":244,"column":5}}]},"12":{"loc":{"start":{"line":253,"column":52},"end":{"line":253,"column":78}},"type":"default-arg","locations":[{"start":{"line":253,"column":74},"end":{"line":253,"column":78}}]},"13":{"loc":{"start":{"line":260,"column":4},"end":{"line":263,"column":5}},"type":"if","locations":[{"start":{"line":260,"column":4},"end":{"line":263,"column":5}}]},"14":{"loc":{"start":{"line":265,"column":4},"end":{"line":278,"column":5}},"type":"switch","locations":[{"start":{"line":266,"column":6},"end":{"line":268,"column":14}},{"start":{"line":269,"column":6},"end":{"line":271,"column":14}},{"start":{"line":272,"column":6},"end":{"line":274,"column":14}},{"start":{"line":275,"column":6},"end":{"line":277,"column":14}}]}},"s":{"0":2,"1":2,"2":2,"3":2,"4":2,"5":2,"6":2,"7":2,"8":2,"9":11,"10":11,"11":11,"12":11,"13":11,"14":11,"15":11,"16":11,"17":11,"18":11,"19":11,"20":11,"21":11,"22":11,"23":11,"24":11,"25":11,"26":11,"27":11,"28":11,"29":11,"30":2,"31":2,"32":2,"33":0,"34":0,"35":0,"36":2,"37":2,"38":2,"39":2,"40":2,"41":8,"42":2,"43":8,"44":1,"45":0,"46":0,"47":0,"48":0,"49":0,"50":0,"51":0,"52":0,"53":0,"54":0,"55":0,"56":0,"57":0,"58":0,"59":0,"60":0,"61":0,"62":0,"63":0,"64":0,"65":0,"66":0,"67":0,"68":0,"69":0,"70":0,"71":0,"72":0,"73":0,"74":0,"75":0,"76":0,"77":0,"78":4,"79":4,"80":0,"81":4,"82":4,"83":4,"84":0,"85":0,"86":0,"87":0,"88":0,"89":2,"90":2,"91":2,"92":2,"93":2,"94":0,"95":0,"96":2,"97":0,"98":0,"99":1,"100":1,"101":1,"102":1,"103":0,"104":0,"105":0,"106":0,"107":1,"108":1,"109":0,"110":0,"111":1,"112":0,"113":2},"f":{"0":2,"1":11,"2":2,"3":0,"4":2,"5":8,"6":8,"7":1,"8":0,"9":0,"10":0,"11":0,"12":0,"13":4,"14":0,"15":2,"16":0,"17":1,"18":0,"19":0,"20":1,"21":0},"b":{"0":[2,2],"1":[11,0],"2":[0],"3":[0,0],"4":[0],"5":[0,0],"6":[0],"7":[0],"8":[0],"9":[0],"10":[0],"11":[0],"12":[2],"13":[0],"14":[0,1,1,0]}}
,"/Volumes/Data/Perso/blob-simulator/src/genetics/slime-dna.ts": {"path":"/Volumes/Data/Perso/blob-simulator/src/genetics/slime-dna.ts","statementMap":{"0":{"start":{"line":1,"column":0},"end":{"line":1,"column":34}},"1":{"start":{"line":2,"column":0},"end":{"line":2,"column":41}},"2":{"start":{"line":23,"column":4},"end":{"line":54,"column":6}},"3":{"start":{"line":59,"column":4},"end":{"line":59,"column":55}},"4":{"start":{"line":63,"column":4},"end":{"line":63,"column":26}},"5":{"start":{"line":68,"column":4},"end":{"line":68,"column":32}},"6":{"start":{"line":73,"column":4},"end":{"line":73,"column":38}},"7":{"start":{"line":78,"column":44},"end":{"line":78,"column":46}},"8":{"start":{"line":81,"column":5},"end":{"line":100,"column":7}},"9":{"start":{"line":82,"column":20},"end":{"line":82,"column":40}},"10":{"start":{"line":83,"column":20},"end":{"line":83,"column":40}},"11":{"start":{"line":86,"column":25},"end":{"line":86,"column":62}},"12":{"start":{"line":89,"column":18},"end":{"line":89,"column":34}},"13":{"start":{"line":90,"column":6},"end":{"line":94,"column":7}},"14":{"start":{"line":92,"column":31},"end":{"line":92,"column":98}},"15":{"start":{"line":93,"column":8},"end":{"line":93,"column":91}},"16":{"start":{"line":96,"column":6},"end":{"line":99,"column":8}},"17":{"start":{"line":102,"column":4},"end":{"line":102,"column":34}},"18":{"start":{"line":109,"column":14},"end":{"line":109,"column":42}},"19":{"start":{"line":110,"column":14},"end":{"line":110,"column":17}},"20":{"start":{"line":111,"column":14},"end":{"line":111,"column":17}},"21":{"start":{"line":114,"column":14},"end":{"line":114,"column":43}},"22":{"start":{"line":115,"column":14},"end":{"line":115,"column":52}},"23":{"start":{"line":116,"column":14},"end":{"line":116,"column":23}},"24":{"start":{"line":118,"column":12},"end":{"line":118,"column":13}},"25":{"start":{"line":118,"column":19},"end":{"line":118,"column":20}},"26":{"start":{"line":118,"column":26},"end":{"line":118,"column":27}},"27":{"start":{"line":120,"column":4},"end":{"line":125,"column":33}},"28":{"start":{"line":120,"column":18},"end":{"line":120,"column":24}},"29":{"start":{"line":120,"column":25},"end":{"line":120,"column":31}},"30":{"start":{"line":120,"column":32},"end":{"line":120,"column":38}},"31":{"start":{"line":121,"column":9},"end":{"line":125,"column":33}},"32":{"start":{"line":121,"column":24},"end":{"line":121,"column":30}},"33":{"start":{"line":121,"column":31},"end":{"line":121,"column":37}},"34":{"start":{"line":121,"column":38},"end":{"line":121,"column":44}},"35":{"start":{"line":122,"column":9},"end":{"line":125,"column":33}},"36":{"start":{"line":122,"column":24},"end":{"line":122,"column":30}},"37":{"start":{"line":122,"column":31},"end":{"line":122,"column":37}},"38":{"start":{"line":122,"column":38},"end":{"line":122,"column":44}},"39":{"start":{"line":123,"column":9},"end":{"line":125,"column":33}},"40":{"start":{"line":123,"column":24},"end":{"line":123,"column":30}},"41":{"start":{"line":123,"column":31},"end":{"line":123,"column":37}},"42":{"start":{"line":123,"column":38},"end":{"line":123,"column":44}},"43":{"start":{"line":124,"column":9},"end":{"line":125,"column":33}},"44":{"start":{"line":124,"column":24},"end":{"line":124,"column":30}},"45":{"start":{"line":124,"column":31},"end":{"line":124,"column":37}},"46":{"start":{"line":124,"column":38},"end":{"line":124,"column":44}},"47":{"start":{"line":125,"column":11},"end":{"line":125,"column":17}},"48":{"start":{"line":125,"column":18},"end":{"line":125,"column":24}},"49":{"start":{"line":125,"column":25},"end":{"line":125,"column":31}},"50":{"start":{"line":128,"column":4},"end":{"line":133,"column":6}},"51":{"start":{"line":138,"column":4},"end":{"line":140,"column":6}},"52":{"start":{"line":145,"column":4},"end":{"line":145,"column":36}},"53":{"start":{"line":19,"column":0},"end":{"line":19,"column":13}}},"fnMap":{"0":{"name":"(anonymous_0)","decl":{"start":{"line":22,"column":2},"end":{"line":22,"column":14}},"loc":{"start":{"line":22,"column":43},"end":{"line":55,"column":3}}},"1":{"name":"(anonymous_1)","decl":{"start":{"line":57,"column":10},"end":{"line":57,"column":25}},"loc":{"start":{"line":57,"column":80},"end":{"line":60,"column":3}}},"2":{"name":"(anonymous_2)","decl":{"start":{"line":62,"column":9},"end":{"line":62,"column":15}},"loc":{"start":{"line":62,"column":28},"end":{"line":64,"column":3}}},"3":{"name":"(anonymous_3)","decl":{"start":{"line":67,"column":9},"end":{"line":67,"column":16}},"loc":{"start":{"line":67,"column":45},"end":{"line":69,"column":3}}},"4":{"name":"(anonymous_4)","decl":{"start":{"line":72,"column":9},"end":{"line":72,"column":21}},"loc":{"start":{"line":72,"column":50},"end":{"line":74,"column":3}}},"5":{"name":"(anonymous_5)","decl":{"start":{"line":77,"column":9},"end":{"line":77,"column":15}},"loc":{"start":{"line":77,"column":83},"end":{"line":103,"column":3}}},"6":{"name":"(anonymous_6)","decl":{"start":{"line":81,"column":67},"end":{"line":81,"column":75}},"loc":{"start":{"line":81,"column":78},"end":{"line":100,"column":5}}},"7":{"name":"(anonymous_7)","decl":{"start":{"line":106,"column":9},"end":{"line":106,"column":17}},"loc":{"start":{"line":106,"column":17},"end":{"line":134,"column":3}}},"8":{"name":"(anonymous_8)","decl":{"start":{"line":137,"column":9},"end":{"line":137,"column":18}},"loc":{"start":{"line":137,"column":18},"end":{"line":141,"column":3}}},"9":{"name":"(anonymous_9)","decl":{"start":{"line":144,"column":9},"end":{"line":144,"column":15}},"loc":{"start":{"line":144,"column":37},"end":{"line":146,"column":3}}}},"branchMap":{"0":{"loc":{"start":{"line":26,"column":15},"end":{"line":26,"column":78}},"type":"binary-expr","locations":[{"start":{"line":26,"column":15},"end":{"line":26,"column":34}},{"start":{"line":26,"column":38},"end":{"line":26,"column":78}}]},"1":{"loc":{"start":{"line":32,"column":15},"end":{"line":32,"column":77}},"type":"binary-expr","locations":[{"start":{"line":32,"column":15},"end":{"line":32,"column":33}},{"start":{"line":32,"column":37},"end":{"line":32,"column":77}}]},"2":{"loc":{"start":{"line":38,"column":15},"end":{"line":38,"column":89}},"type":"binary-expr","locations":[{"start":{"line":38,"column":15},"end":{"line":38,"column":45}},{"start":{"line":38,"column":49},"end":{"line":38,"column":89}}]},"3":{"loc":{"start":{"line":44,"column":15},"end":{"line":44,"column":74}},"type":"binary-expr","locations":[{"start":{"line":44,"column":15},"end":{"line":44,"column":34}},{"start":{"line":44,"column":38},"end":{"line":44,"column":74}}]},"4":{"loc":{"start":{"line":50,"column":15},"end":{"line":50,"column":82}},"type":"binary-expr","locations":[{"start":{"line":50,"column":15},"end":{"line":50,"column":40}},{"start":{"line":50,"column":44},"end":{"line":50,"column":82}}]},"5":{"loc":{"start":{"line":77,"column":56},"end":{"line":77,"column":83}},"type":"default-arg","locations":[{"start":{"line":77,"column":79},"end":{"line":77,"column":83}}]},"6":{"loc":{"start":{"line":86,"column":25},"end":{"line":86,"column":62}},"type":"cond-expr","locations":[{"start":{"line":86,"column":49},"end":{"line":86,"column":54}},{"start":{"line":86,"column":57},"end":{"line":86,"column":62}}]},"7":{"loc":{"start":{"line":90,"column":6},"end":{"line":94,"column":7}},"type":"if","locations":[{"start":{"line":90,"column":6},"end":{"line":94,"column":7}}]},"8":{"loc":{"start":{"line":120,"column":4},"end":{"line":125,"column":33}},"type":"if","locations":[{"start":{"line":120,"column":4},"end":{"line":125,"column":33}},{"start":{"line":121,"column":9},"end":{"line":125,"column":33}}]},"9":{"loc":{"start":{"line":121,"column":9},"end":{"line":125,"column":33}},"type":"if","locations":[{"start":{"line":121,"column":9},"end":{"line":125,"column":33}},{"start":{"line":122,"column":9},"end":{"line":125,"column":33}}]},"10":{"loc":{"start":{"line":122,"column":9},"end":{"line":125,"column":33}},"type":"if","locations":[{"start":{"line":122,"column":9},"end":{"line":125,"column":33}},{"start":{"line":123,"column":9},"end":{"line":125,"column":33}}]},"11":{"loc":{"start":{"line":123,"column":9},"end":{"line":125,"column":33}},"type":"if","locations":[{"start":{"line":123,"column":9},"end":{"line":125,"column":33}},{"start":{"line":124,"column":9},"end":{"line":125,"column":33}}]},"12":{"loc":{"start":{"line":124,"column":9},"end":{"line":125,"column":33}},"type":"if","locations":[{"start":{"line":124,"column":9},"end":{"line":125,"column":33}},{"start":{"line":125,"column":9},"end":{"line":125,"column":33}}]}},"s":{"0":4,"1":4,"2":68,"3":304,"4":47,"5":0,"6":38,"7":2,"8":2,"9":10,"10":10,"11":10,"12":10,"13":10,"14":5,"15":5,"16":10,"17":2,"18":6,"19":6,"20":6,"21":6,"22":6,"23":6,"24":6,"25":6,"26":6,"27":6,"28":2,"29":2,"30":2,"31":4,"32":0,"33":0,"34":0,"35":4,"36":0,"37":0,"38":0,"39":4,"40":2,"41":2,"42":2,"43":2,"44":1,"45":1,"46":1,"47":1,"48":1,"49":1,"50":6,"51":1,"52":1,"53":4},"f":{"0":68,"1":304,"2":47,"3":0,"4":38,"5":2,"6":10,"7":6,"8":1,"9":1},"b":{"0":[68,58],"1":[68,60],"2":[68,60],"3":[68,61],"4":[68,65],"5":[0],"6":[7,3],"7":[5],"8":[2,4],"9":[0,4],"10":[0,4],"11":[2,2],"12":[1,1]}}
,"/Volumes/Data/Perso/blob-simulator/src/managers/food-manager.ts": {"path":"/Volumes/Data/Perso/blob-simulator/src/managers/food-manager.ts","statementMap":{"0":{"start":{"line":5,"column":0},"end":{"line":5,"column":40}},"1":{"start":{"line":6,"column":0},"end":{"line":6,"column":48}},"2":{"start":{"line":7,"column":0},"end":{"line":7,"column":41}},"3":{"start":{"line":20,"column":26},"end":{"line":20,"column":28}},"4":{"start":{"line":22,"column":39},"end":{"line":22,"column":40}},"5":{"start":{"line":25,"column":4},"end":{"line":25,"column":25}},"6":{"start":{"line":26,"column":4},"end":{"line":33,"column":6}},"7":{"start":{"line":42,"column":4},"end":{"line":42,"column":20}},"8":{"start":{"line":45,"column":4},"end":{"line":50,"column":5}},"9":{"start":{"line":45,"column":17},"end":{"line":45,"column":18}},"10":{"start":{"line":46,"column":19},"end":{"line":46,"column":35}},"11":{"start":{"line":47,"column":6},"end":{"line":49,"column":7}},"12":{"start":{"line":48,"column":8},"end":{"line":48,"column":32}},"13":{"start":{"line":52,"column":4},"end":{"line":52,"column":27}},"14":{"start":{"line":61,"column":29},"end":{"line":61,"column":31}},"15":{"start":{"line":63,"column":4},"end":{"line":77,"column":5}},"16":{"start":{"line":64,"column":6},"end":{"line":64,"column":43}},"17":{"start":{"line":67,"column":28},"end":{"line":67,"column":56}},"18":{"start":{"line":68,"column":6},"end":{"line":76,"column":7}},"19":{"start":{"line":70,"column":21},"end":{"line":70,"column":37}},"20":{"start":{"line":71,"column":8},"end":{"line":75,"column":9}},"21":{"start":{"line":72,"column":10},"end":{"line":72,"column":34}},"22":{"start":{"line":73,"column":10},"end":{"line":73,"column":30}},"23":{"start":{"line":74,"column":10},"end":{"line":74,"column":51}},"24":{"start":{"line":79,"column":4},"end":{"line":79,"column":20}},"25":{"start":{"line":87,"column":4},"end":{"line":87,"column":26}},"26":{"start":{"line":90,"column":4},"end":{"line":92,"column":7}},"27":{"start":{"line":91,"column":6},"end":{"line":91,"column":36}},"28":{"start":{"line":100,"column":18},"end":{"line":100,"column":42}},"29":{"start":{"line":101,"column":4},"end":{"line":103,"column":5}},"30":{"start":{"line":102,"column":6},"end":{"line":102,"column":34}},"31":{"start":{"line":110,"column":4},"end":{"line":110,"column":29}},"32":{"start":{"line":117,"column":4},"end":{"line":117,"column":27}},"33":{"start":{"line":125,"column":20},"end":{"line":125,"column":48}},"34":{"start":{"line":126,"column":17},"end":{"line":126,"column":48}},"35":{"start":{"line":127,"column":17},"end":{"line":127,"column":54}},"36":{"start":{"line":128,"column":17},"end":{"line":128,"column":49}},"37":{"start":{"line":129,"column":17},"end":{"line":129,"column":55}},"38":{"start":{"line":132,"column":24},"end":{"line":132,"column":26}},"39":{"start":{"line":133,"column":4},"end":{"line":154,"column":5}},"40":{"start":{"line":133,"column":23},"end":{"line":133,"column":24}},"41":{"start":{"line":134,"column":16},"end":{"line":134,"column":46}},"42":{"start":{"line":135,"column":16},"end":{"line":135,"column":46}},"43":{"start":{"line":138,"column":26},"end":{"line":138,"column":30}},"44":{"start":{"line":139,"column":6},"end":{"line":149,"column":7}},"45":{"start":{"line":140,"column":19},"end":{"line":140,"column":41}},"46":{"start":{"line":141,"column":19},"end":{"line":141,"column":41}},"47":{"start":{"line":142,"column":25},"end":{"line":142,"column":53}},"48":{"start":{"line":145,"column":8},"end":{"line":148,"column":9}},"49":{"start":{"line":146,"column":10},"end":{"line":146,"column":32}},"50":{"start":{"line":147,"column":10},"end":{"line":147,"column":16}},"51":{"start":{"line":151,"column":6},"end":{"line":153,"column":7}},"52":{"start":{"line":152,"column":8},"end":{"line":152,"column":24}},"53":{"start":{"line":157,"column":4},"end":{"line":157,"column":16}},"54":{"start":{"line":164,"column":17},"end":{"line":164,"column":32}},"55":{"start":{"line":165,"column":4},"end":{"line":171,"column":5}},"56":{"start":{"line":166,"column":6},"end":{"line":166,"column":30}},"57":{"start":{"line":167,"column":11},"end":{"line":171,"column":5}},"58":{"start":{"line":168,"column":6},"end":{"line":168,"column":30}},"59":{"start":{"line":170,"column":6},"end":{"line":170,"column":28}},"60":{"start":{"line":179,"column":21},"end":{"line":179,"column":50}},"61":{"start":{"line":180,"column":4},"end":{"line":182,"column":5}},"62":{"start":{"line":181,"column":6},"end":{"line":181,"column":18}},"63":{"start":{"line":185,"column":21},"end":{"line":185,"column":45}},"64":{"start":{"line":188,"column":17},"end":{"line":188,"column":35}},"65":{"start":{"line":189,"column":4},"end":{"line":189,"column":43}},"66":{"start":{"line":191,"column":4},"end":{"line":191,"column":16}},"67":{"start":{"line":199,"column":4},"end":{"line":202,"column":6}},"68":{"start":{"line":18,"column":0},"end":{"line":18,"column":13}}},"fnMap":{"0":{"name":"(anonymous_0)","decl":{"start":{"line":24,"column":2},"end":{"line":24,"column":14}},"loc":{"start":{"line":24,"column":58},"end":{"line":34,"column":3}}},"1":{"name":"(anonymous_1)","decl":{"start":{"line":40,"column":9},"end":{"line":40,"column":19}},"loc":{"start":{"line":40,"column":19},"end":{"line":53,"column":3}}},"2":{"name":"(anonymous_2)","decl":{"start":{"line":60,"column":9},"end":{"line":60,"column":15}},"loc":{"start":{"line":60,"column":33},"end":{"line":80,"column":3}}},"3":{"name":"(anonymous_3)","decl":{"start":{"line":86,"column":10},"end":{"line":86,"column":22}},"loc":{"start":{"line":86,"column":33},"end":{"line":93,"column":3}}},"4":{"name":"(anonymous_4)","decl":{"start":{"line":90,"column":29},"end":{"line":90,"column":30}},"loc":{"start":{"line":90,"column":46},"end":{"line":92,"column":5}}},"5":{"name":"(anonymous_5)","decl":{"start":{"line":99,"column":9},"end":{"line":99,"column":19}},"loc":{"start":{"line":99,"column":30},"end":{"line":104,"column":3}}},"6":{"name":"(anonymous_6)","decl":{"start":{"line":109,"column":9},"end":{"line":109,"column":21}},"loc":{"start":{"line":109,"column":21},"end":{"line":111,"column":3}}},"7":{"name":"(anonymous_7)","decl":{"start":{"line":116,"column":9},"end":{"line":116,"column":19}},"loc":{"start":{"line":116,"column":19},"end":{"line":118,"column":3}}},"8":{"name":"(anonymous_8)","decl":{"start":{"line":124,"column":10},"end":{"line":124,"column":32}},"loc":{"start":{"line":124,"column":32},"end":{"line":158,"column":3}}},"9":{"name":"(anonymous_9)","decl":{"start":{"line":163,"column":10},"end":{"line":163,"column":27}},"loc":{"start":{"line":163,"column":27},"end":{"line":172,"column":3}}},"10":{"name":"(anonymous_10)","decl":{"start":{"line":178,"column":10},"end":{"line":178,"column":19}},"loc":{"start":{"line":178,"column":19},"end":{"line":192,"column":3}}},"11":{"name":"(anonymous_11)","decl":{"start":{"line":198,"column":9},"end":{"line":198,"column":21}},"loc":{"start":{"line":198,"column":49},"end":{"line":203,"column":3}}}},"branchMap":{"0":{"loc":{"start":{"line":27,"column":20},"end":{"line":27,"column":46}},"type":"binary-expr","locations":[{"start":{"line":27,"column":20},"end":{"line":27,"column":40}},{"start":{"line":27,"column":44},"end":{"line":27,"column":46}}]},"1":{"loc":{"start":{"line":28,"column":17},"end":{"line":28,"column":41}},"type":"binary-expr","locations":[{"start":{"line":28,"column":17},"end":{"line":28,"column":34}},{"start":{"line":28,"column":38},"end":{"line":28,"column":41}}]},"2":{"loc":{"start":{"line":29,"column":16},"end":{"line":29,"column":38}},"type":"binary-expr","locations":[{"start":{"line":29,"column":16},"end":{"line":29,"column":32}},{"start":{"line":29,"column":36},"end":{"line":29,"column":38}}]},"3":{"loc":{"start":{"line":30,"column":24},"end":{"line":30,"column":55}},"type":"binary-expr","locations":[{"start":{"line":30,"column":24},"end":{"line":30,"column":48}},{"start":{"line":30,"column":52},"end":{"line":30,"column":55}}]},"4":{"loc":{"start":{"line":31,"column":25},"end":{"line":31,"column":58}},"type":"binary-expr","locations":[{"start":{"line":31,"column":25},"end":{"line":31,"column":50}},{"start":{"line":31,"column":54},"end":{"line":31,"column":58}}]},"5":{"loc":{"start":{"line":32,"column":25},"end":{"line":32,"column":58}},"type":"binary-expr","locations":[{"start":{"line":32,"column":25},"end":{"line":32,"column":50}},{"start":{"line":32,"column":54},"end":{"line":32,"column":58}}]},"6":{"loc":{"start":{"line":47,"column":6},"end":{"line":49,"column":7}},"type":"if","locations":[{"start":{"line":47,"column":6},"end":{"line":49,"column":7}}]},"7":{"loc":{"start":{"line":63,"column":4},"end":{"line":77,"column":5}},"type":"if","locations":[{"start":{"line":63,"column":4},"end":{"line":77,"column":5}}]},"8":{"loc":{"start":{"line":68,"column":13},"end":{"line":69,"column":53}},"type":"binary-expr","locations":[{"start":{"line":68,"column":13},"end":{"line":68,"column":53}},{"start":{"line":69,"column":13},"end":{"line":69,"column":53}}]},"9":{"loc":{"start":{"line":71,"column":8},"end":{"line":75,"column":9}},"type":"if","locations":[{"start":{"line":71,"column":8},"end":{"line":75,"column":9}}]},"10":{"loc":{"start":{"line":101,"column":4},"end":{"line":103,"column":5}},"type":"if","locations":[{"start":{"line":101,"column":4},"end":{"line":103,"column":5}}]},"11":{"loc":{"start":{"line":145,"column":8},"end":{"line":148,"column":9}},"type":"if","locations":[{"start":{"line":145,"column":8},"end":{"line":148,"column":9}}]},"12":{"loc":{"start":{"line":151,"column":6},"end":{"line":153,"column":7}},"type":"if","locations":[{"start":{"line":151,"column":6},"end":{"line":153,"column":7}}]},"13":{"loc":{"start":{"line":165,"column":4},"end":{"line":171,"column":5}},"type":"if","locations":[{"start":{"line":165,"column":4},"end":{"line":171,"column":5}},{"start":{"line":167,"column":11},"end":{"line":171,"column":5}}]},"14":{"loc":{"start":{"line":167,"column":11},"end":{"line":171,"column":5}},"type":"if","locations":[{"start":{"line":167,"column":11},"end":{"line":171,"column":5}},{"start":{"line":169,"column":11},"end":{"line":171,"column":5}}]},"15":{"loc":{"start":{"line":180,"column":4},"end":{"line":182,"column":5}},"type":"if","locations":[{"start":{"line":180,"column":4},"end":{"line":182,"column":5}}]}},"s":{"0":1,"1":1,"2":1,"3":6,"4":6,"5":6,"6":6,"7":6,"8":6,"9":6,"10":63,"11":63,"12":63,"13":6,"14":3,"15":3,"16":3,"17":3,"18":3,"19":6,"20":6,"21":6,"22":6,"23":6,"24":3,"25":69,"26":69,"27":1,"28":1,"29":1,"30":1,"31":5,"32":1,"33":69,"34":69,"35":69,"36":69,"37":69,"38":69,"39":69,"40":69,"41":69,"42":69,"43":69,"44":69,"45":577,"46":577,"47":577,"48":577,"49":0,"50":0,"51":69,"52":69,"53":0,"54":69,"55":69,"56":6,"57":63,"58":13,"59":50,"60":69,"61":69,"62":0,"63":69,"64":69,"65":69,"66":69,"67":1,"68":1},"f":{"0":6,"1":6,"2":3,"3":69,"4":1,"5":1,"6":5,"7":1,"8":69,"9":69,"10":69,"11":1},"b":{"0":[6,1],"1":[6,3],"2":[6,3],"3":[6,6],"4":[6,6],"5":[6,6],"6":[63],"7":[3],"8":[9,7],"9":[6],"10":[1],"11":[0],"12":[69],"13":[6,63],"14":[13,50],"15":[0]}}
,"/Volumes/Data/Perso/blob-simulator/src/managers/slime-manager.ts": {"path":"/Volumes/Data/Perso/blob-simulator/src/managers/slime-manager.ts","statementMap":{"0":{"start":{"line":5,"column":0},"end":{"line":5,"column":40}},"1":{"start":{"line":6,"column":0},"end":{"line":6,"column":40}},"2":{"start":{"line":7,"column":0},"end":{"line":7,"column":49}},"3":{"start":{"line":8,"column":0},"end":{"line":8,"column":41}},"4":{"start":{"line":19,"column":28},"end":{"line":19,"column":30}},"5":{"start":{"line":21,"column":39},"end":{"line":21,"column":40}},"6":{"start":{"line":24,"column":4},"end":{"line":24,"column":25}},"7":{"start":{"line":25,"column":4},"end":{"line":30,"column":6}},"8":{"start":{"line":39,"column":4},"end":{"line":39,"column":21}},"9":{"start":{"line":42,"column":4},"end":{"line":47,"column":5}},"10":{"start":{"line":42,"column":17},"end":{"line":42,"column":18}},"11":{"start":{"line":43,"column":20},"end":{"line":43,"column":37}},"12":{"start":{"line":44,"column":6},"end":{"line":46,"column":7}},"13":{"start":{"line":45,"column":8},"end":{"line":45,"column":32}},"14":{"start":{"line":49,"column":4},"end":{"line":49,"column":28}},"15":{"start":{"line":58,"column":31},"end":{"line":58,"column":33}},"16":{"start":{"line":60,"column":4},"end":{"line":74,"column":5}},"17":{"start":{"line":61,"column":6},"end":{"line":61,"column":43}},"18":{"start":{"line":64,"column":28},"end":{"line":64,"column":56}},"19":{"start":{"line":65,"column":6},"end":{"line":73,"column":7}},"20":{"start":{"line":67,"column":22},"end":{"line":67,"column":39}},"21":{"start":{"line":68,"column":8},"end":{"line":72,"column":9}},"22":{"start":{"line":69,"column":10},"end":{"line":69,"column":34}},"23":{"start":{"line":70,"column":10},"end":{"line":70,"column":32}},"24":{"start":{"line":71,"column":10},"end":{"line":71,"column":51}},"25":{"start":{"line":76,"column":4},"end":{"line":76,"column":21}},"26":{"start":{"line":84,"column":18},"end":{"line":84,"column":44}},"27":{"start":{"line":85,"column":4},"end":{"line":87,"column":5}},"28":{"start":{"line":86,"column":6},"end":{"line":86,"column":35}},"29":{"start":{"line":94,"column":4},"end":{"line":94,"column":30}},"30":{"start":{"line":101,"column":4},"end":{"line":101,"column":28}},"31":{"start":{"line":109,"column":20},"end":{"line":109,"column":48}},"32":{"start":{"line":110,"column":17},"end":{"line":110,"column":48}},"33":{"start":{"line":111,"column":17},"end":{"line":111,"column":54}},"34":{"start":{"line":112,"column":17},"end":{"line":112,"column":49}},"35":{"start":{"line":113,"column":17},"end":{"line":113,"column":55}},"36":{"start":{"line":116,"column":24},"end":{"line":116,"column":26}},"37":{"start":{"line":117,"column":4},"end":{"line":138,"column":5}},"38":{"start":{"line":117,"column":23},"end":{"line":117,"column":24}},"39":{"start":{"line":118,"column":16},"end":{"line":118,"column":46}},"40":{"start":{"line":119,"column":16},"end":{"line":119,"column":46}},"41":{"start":{"line":122,"column":26},"end":{"line":122,"column":30}},"42":{"start":{"line":123,"column":6},"end":{"line":133,"column":7}},"43":{"start":{"line":124,"column":19},"end":{"line":124,"column":42}},"44":{"start":{"line":125,"column":19},"end":{"line":125,"column":42}},"45":{"start":{"line":126,"column":25},"end":{"line":126,"column":53}},"46":{"start":{"line":129,"column":8},"end":{"line":132,"column":9}},"47":{"start":{"line":130,"column":10},"end":{"line":130,"column":32}},"48":{"start":{"line":131,"column":10},"end":{"line":131,"column":16}},"49":{"start":{"line":135,"column":6},"end":{"line":137,"column":7}},"50":{"start":{"line":136,"column":8},"end":{"line":136,"column":24}},"51":{"start":{"line":141,"column":4},"end":{"line":141,"column":16}},"52":{"start":{"line":149,"column":21},"end":{"line":149,"column":50}},"53":{"start":{"line":150,"column":4},"end":{"line":152,"column":5}},"54":{"start":{"line":151,"column":6},"end":{"line":151,"column":18}},"55":{"start":{"line":155,"column":18},"end":{"line":155,"column":52}},"56":{"start":{"line":156,"column":4},"end":{"line":156,"column":44}},"57":{"start":{"line":157,"column":4},"end":{"line":157,"column":23}},"58":{"start":{"line":159,"column":4},"end":{"line":159,"column":17}},"59":{"start":{"line":167,"column":4},"end":{"line":170,"column":6}},"60":{"start":{"line":17,"column":0},"end":{"line":17,"column":13}}},"fnMap":{"0":{"name":"(anonymous_0)","decl":{"start":{"line":23,"column":2},"end":{"line":23,"column":14}},"loc":{"start":{"line":23,"column":59},"end":{"line":31,"column":3}}},"1":{"name":"(anonymous_1)","decl":{"start":{"line":37,"column":9},"end":{"line":37,"column":19}},"loc":{"start":{"line":37,"column":19},"end":{"line":50,"column":3}}},"2":{"name":"(anonymous_2)","decl":{"start":{"line":57,"column":9},"end":{"line":57,"column":15}},"loc":{"start":{"line":57,"column":33},"end":{"line":77,"column":3}}},"3":{"name":"(anonymous_3)","decl":{"start":{"line":83,"column":9},"end":{"line":83,"column":20}},"loc":{"start":{"line":83,"column":33},"end":{"line":88,"column":3}}},"4":{"name":"(anonymous_4)","decl":{"start":{"line":93,"column":9},"end":{"line":93,"column":22}},"loc":{"start":{"line":93,"column":22},"end":{"line":95,"column":3}}},"5":{"name":"(anonymous_5)","decl":{"start":{"line":100,"column":9},"end":{"line":100,"column":18}},"loc":{"start":{"line":100,"column":18},"end":{"line":102,"column":3}}},"6":{"name":"(anonymous_6)","decl":{"start":{"line":108,"column":10},"end":{"line":108,"column":32}},"loc":{"start":{"line":108,"column":32},"end":{"line":142,"column":3}}},"7":{"name":"(anonymous_7)","decl":{"start":{"line":148,"column":10},"end":{"line":148,"column":20}},"loc":{"start":{"line":148,"column":20},"end":{"line":160,"column":3}}},"8":{"name":"(anonymous_8)","decl":{"start":{"line":166,"column":9},"end":{"line":166,"column":21}},"loc":{"start":{"line":166,"column":50},"end":{"line":171,"column":3}}}},"branchMap":{"0":{"loc":{"start":{"line":26,"column":25},"end":{"line":26,"column":56}},"type":"binary-expr","locations":[{"start":{"line":26,"column":25},"end":{"line":26,"column":50}},{"start":{"line":26,"column":54},"end":{"line":26,"column":56}}]},"1":{"loc":{"start":{"line":27,"column":17},"end":{"line":27,"column":41}},"type":"binary-expr","locations":[{"start":{"line":27,"column":17},"end":{"line":27,"column":34}},{"start":{"line":27,"column":38},"end":{"line":27,"column":41}}]},"2":{"loc":{"start":{"line":28,"column":21},"end":{"line":28,"column":49}},"type":"binary-expr","locations":[{"start":{"line":28,"column":21},"end":{"line":28,"column":42}},{"start":{"line":28,"column":46},"end":{"line":28,"column":49}}]},"3":{"loc":{"start":{"line":29,"column":24},"end":{"line":29,"column":55}},"type":"binary-expr","locations":[{"start":{"line":29,"column":24},"end":{"line":29,"column":48}},{"start":{"line":29,"column":52},"end":{"line":29,"column":55}}]},"4":{"loc":{"start":{"line":44,"column":6},"end":{"line":46,"column":7}},"type":"if","locations":[{"start":{"line":44,"column":6},"end":{"line":46,"column":7}}]},"5":{"loc":{"start":{"line":60,"column":4},"end":{"line":74,"column":5}},"type":"if","locations":[{"start":{"line":60,"column":4},"end":{"line":74,"column":5}}]},"6":{"loc":{"start":{"line":65,"column":13},"end":{"line":66,"column":59}},"type":"binary-expr","locations":[{"start":{"line":65,"column":13},"end":{"line":65,"column":53}},{"start":{"line":66,"column":13},"end":{"line":66,"column":59}}]},"7":{"loc":{"start":{"line":68,"column":8},"end":{"line":72,"column":9}},"type":"if","locations":[{"start":{"line":68,"column":8},"end":{"line":72,"column":9}}]},"8":{"loc":{"start":{"line":85,"column":4},"end":{"line":87,"column":5}},"type":"if","locations":[{"start":{"line":85,"column":4},"end":{"line":87,"column":5}}]},"9":{"loc":{"start":{"line":129,"column":8},"end":{"line":132,"column":9}},"type":"if","locations":[{"start":{"line":129,"column":8},"end":{"line":132,"column":9}}]},"10":{"loc":{"start":{"line":135,"column":6},"end":{"line":137,"column":7}},"type":"if","locations":[{"start":{"line":135,"column":6},"end":{"line":137,"column":7}}]},"11":{"loc":{"start":{"line":150,"column":4},"end":{"line":152,"column":5}},"type":"if","locations":[{"start":{"line":150,"column":4},"end":{"line":152,"column":5}}]}},"s":{"0":1,"1":1,"2":1,"3":1,"4":5,"5":5,"6":5,"7":5,"8":5,"9":5,"10":5,"11":25,"12":25,"13":25,"14":5,"15":11,"16":11,"17":10,"18":10,"19":10,"20":9,"21":9,"22":9,"23":9,"24":9,"25":11,"26":2,"27":2,"28":1,"29":13,"30":0,"31":34,"32":34,"33":34,"34":34,"35":34,"36":34,"37":34,"38":34,"39":34,"40":34,"41":34,"42":34,"43":108,"44":108,"45":108,"46":108,"47":0,"48":0,"49":34,"50":34,"51":0,"52":34,"53":34,"54":0,"55":34,"56":34,"57":34,"58":34,"59":1,"60":1},"f":{"0":5,"1":5,"2":11,"3":2,"4":13,"5":0,"6":34,"7":34,"8":1},"b":{"0":[5,0],"1":[5,0],"2":[5,0],"3":[5,0],"4":[25],"5":[10],"6":[19,9],"7":[9],"8":[1],"9":[0],"10":[34],"11":[0]}}
,"/Volumes/Data/Perso/blob-simulator/src/utils/random.ts": {"path":"/Volumes/Data/Perso/blob-simulator/src/utils/random.ts","statementMap":{"0":{"start":{"line":6,"column":32},"end":{"line":6,"column":33}},"1":{"start":{"line":7,"column":40},"end":{"line":7,"column":45}},"2":{"start":{"line":15,"column":15},"end":{"line":15,"column":16}},"3":{"start":{"line":16,"column":4},"end":{"line":20,"column":5}},"4":{"start":{"line":16,"column":17},"end":{"line":16,"column":18}},"5":{"start":{"line":17,"column":19},"end":{"line":17,"column":37}},"6":{"start":{"line":18,"column":6},"end":{"line":18,"column":41}},"7":{"start":{"line":19,"column":6},"end":{"line":19,"column":25}},"8":{"start":{"line":21,"column":4},"end":{"line":21,"column":27}},"9":{"start":{"line":22,"column":4},"end":{"line":22,"column":28}},"10":{"start":{"line":30,"column":4},"end":{"line":33,"column":5}},"11":{"start":{"line":31,"column":6},"end":{"line":31,"column":86}},"12":{"start":{"line":32,"column":6},"end":{"line":32,"column":27}},"13":{"start":{"line":36,"column":12},"end":{"line":36,"column":35}},"14":{"start":{"line":37,"column":4},"end":{"line":37,"column":39}},"15":{"start":{"line":38,"column":4},"end":{"line":38,"column":44}},"16":{"start":{"line":39,"column":19},"end":{"line":39,"column":54}},"17":{"start":{"line":40,"column":4},"end":{"line":40,"column":18}},"18":{"start":{"line":47,"column":4},"end":{"line":47,"column":61}},"19":{"start":{"line":54,"column":4},"end":{"line":54,"column":45}},"20":{"start":{"line":66,"column":15},"end":{"line":66,"column":28}},"21":{"start":{"line":67,"column":15},"end":{"line":67,"column":28}},"22":{"start":{"line":68,"column":15},"end":{"line":68,"column":76}},"23":{"start":{"line":69,"column":16},"end":{"line":69,"column":34}},"24":{"start":{"line":72,"column":4},"end":{"line":72,"column":47}},"25":{"start":{"line":5,"column":0},"end":{"line":5,"column":13}}},"fnMap":{"0":{"name":"(anonymous_0)","decl":{"start":{"line":13,"column":9},"end":{"line":13,"column":15}},"loc":{"start":{"line":13,"column":33},"end":{"line":23,"column":3}}},"1":{"name":"(anonymous_1)","decl":{"start":{"line":29,"column":9},"end":{"line":29,"column":15}},"loc":{"start":{"line":29,"column":22},"end":{"line":41,"column":3}}},"2":{"name":"(anonymous_2)","decl":{"start":{"line":46,"column":9},"end":{"line":46,"column":15}},"loc":{"start":{"line":46,"column":50},"end":{"line":48,"column":3}}},"3":{"name":"(anonymous_3)","decl":{"start":{"line":53,"column":9},"end":{"line":53,"column":15}},"loc":{"start":{"line":53,"column":52},"end":{"line":55,"column":3}}},"4":{"name":"(anonymous_4)","decl":{"start":{"line":64,"column":9},"end":{"line":64,"column":15}},"loc":{"start":{"line":64,"column":83},"end":{"line":73,"column":3}}}},"branchMap":{"0":{"loc":{"start":{"line":30,"column":4},"end":{"line":33,"column":5}},"type":"if","locations":[{"start":{"line":30,"column":4},"end":{"line":33,"column":5}}]}},"s":{"0":6,"1":6,"2":32,"3":32,"4":32,"5":288,"6":288,"7":288,"8":32,"9":32,"10":987,"11":0,"12":0,"13":987,"14":987,"15":987,"16":987,"17":987,"18":0,"19":285,"20":304,"21":304,"22":304,"23":304,"24":304,"25":6},"f":{"0":32,"1":987,"2":0,"3":285,"4":304},"b":{"0":[0]}}
}
