{"/Volumes/Data/Perso/blob-simulator/src/actors/slime.ts": {"path":"/Volumes/Data/Perso/blob-simulator/src/actors/slime.ts","statementMap":{"0":{"start":{"line":5,"column":0},"end":{"line":5,"column":null}},"1":{"start":{"line":13,"column":0},"end":{"line":13,"column":41}},"2":{"start":{"line":14,"column":0},"end":{"line":14,"column":49}},"3":{"start":{"line":17,"column":0},"end":{"line":17,"column":null}},"4":{"start":{"line":18,"column":2},"end":{"line":18,"column":null}},"5":{"start":{"line":19,"column":2},"end":{"line":19,"column":null}},"6":{"start":{"line":20,"column":2},"end":{"line":20,"column":null}},"7":{"start":{"line":21,"column":2},"end":{"line":21,"column":null}},"8":{"start":{"line":27,"column":47},"end":{"line":27,"column":66}},"9":{"start":{"line":28,"column":23},"end":{"line":28,"column":28}},"10":{"start":{"line":30,"column":32},"end":{"line":30,"column":34}},"11":{"start":{"line":33,"column":4},"end":{"line":39,"column":7}},"12":{"start":{"line":42,"column":4},"end":{"line":42,"column":46}},"13":{"start":{"line":44,"column":18},"end":{"line":52,"column":6}},"14":{"start":{"line":53,"column":19},"end":{"line":53,"column":67}},"15":{"start":{"line":54,"column":22},"end":{"line":54,"column":70}},"16":{"start":{"line":55,"column":21},"end":{"line":55,"column":69}},"17":{"start":{"line":56,"column":21},"end":{"line":56,"column":38}},"18":{"start":{"line":57,"column":4},"end":{"line":57,"column":35}},"19":{"start":{"line":58,"column":4},"end":{"line":63,"column":6}},"20":{"start":{"line":65,"column":22},"end":{"line":65,"column":43}},"21":{"start":{"line":66,"column":21},"end":{"line":66,"column":38}},"22":{"start":{"line":67,"column":4},"end":{"line":67,"column":35}},"23":{"start":{"line":68,"column":4},"end":{"line":73,"column":6}},"24":{"start":{"line":78,"column":4},"end":{"line":78,"column":26}},"25":{"start":{"line":79,"column":4},"end":{"line":79,"column":57}},"26":{"start":{"line":84,"column":17},"end":{"line":84,"column":46}},"27":{"start":{"line":85,"column":4},"end":{"line":85,"column":33}},"28":{"start":{"line":88,"column":21},"end":{"line":88,"column":40}},"29":{"start":{"line":89,"column":4},"end":{"line":89,"column":32}},"30":{"start":{"line":92,"column":4},"end":{"line":94,"column":7}},"31":{"start":{"line":93,"column":6},"end":{"line":93,"column":27}},"32":{"start":{"line":96,"column":4},"end":{"line":98,"column":7}},"33":{"start":{"line":97,"column":6},"end":{"line":97,"column":29}},"34":{"start":{"line":102,"column":4},"end":{"line":102,"column":20}},"35":{"start":{"line":111,"column":4},"end":{"line":115,"column":5}},"36":{"start":{"line":112,"column":6},"end":{"line":112,"column":64}},"37":{"start":{"line":114,"column":6},"end":{"line":114,"column":59}},"38":{"start":{"line":120,"column":28},"end":{"line":120,"column":58}},"39":{"start":{"line":121,"column":21},"end":{"line":121,"column":53}},"40":{"start":{"line":123,"column":4},"end":{"line":123,"column":38}},"41":{"start":{"line":124,"column":4},"end":{"line":124,"column":31}},"42":{"start":{"line":126,"column":4},"end":{"line":129,"column":5}},"43":{"start":{"line":127,"column":6},"end":{"line":127,"column":27}},"44":{"start":{"line":128,"column":6},"end":{"line":128,"column":13}},"45":{"start":{"line":131,"column":4},"end":{"line":144,"column":5}},"46":{"start":{"line":133,"column":8},"end":{"line":133,"column":37}},"47":{"start":{"line":134,"column":8},"end":{"line":134,"column":14}},"48":{"start":{"line":136,"column":8},"end":{"line":136,"column":36}},"49":{"start":{"line":137,"column":8},"end":{"line":137,"column":14}},"50":{"start":{"line":139,"column":8},"end":{"line":139,"column":36}},"51":{"start":{"line":140,"column":8},"end":{"line":140,"column":14}},"52":{"start":{"line":142,"column":8},"end":{"line":142,"column":37}},"53":{"start":{"line":143,"column":8},"end":{"line":143,"column":14}},"54":{"start":{"line":149,"column":4},"end":{"line":149,"column":26}},"55":{"start":{"line":150,"column":4},"end":{"line":150,"column":25}},"56":{"start":{"line":155,"column":21},"end":{"line":155,"column":63}},"57":{"start":{"line":156,"column":4},"end":{"line":156,"column":31}},"58":{"start":{"line":161,"column":4},"end":{"line":161,"column":53}},"59":{"start":{"line":165,"column":4},"end":{"line":165,"column":48}},"60":{"start":{"line":24,"column":0},"end":{"line":24,"column":13}}},"fnMap":{"0":{"name":"(anonymous_0)","decl":{"start":{"line":17,"column":0},"end":{"line":17,"column":12}},"loc":{"start":{"line":17,"column":26},"end":{"line":22,"column":1}}},"1":{"name":"(anonymous_1)","decl":{"start":{"line":32,"column":2},"end":{"line":32,"column":14}},"loc":{"start":{"line":32,"column":28},"end":{"line":74,"column":3}}},"2":{"name":"(anonymous_2)","decl":{"start":{"line":76,"column":11},"end":{"line":76,"column":23}},"loc":{"start":{"line":76,"column":23},"end":{"line":80,"column":3}}},"3":{"name":"(anonymous_3)","decl":{"start":{"line":82,"column":10},"end":{"line":82,"column":24}},"loc":{"start":{"line":82,"column":24},"end":{"line":99,"column":3}}},"4":{"name":"(anonymous_4)","decl":{"start":{"line":92,"column":43},"end":{"line":92,"column":47}},"loc":{"start":{"line":92,"column":50},"end":{"line":94,"column":5}}},"5":{"name":"(anonymous_5)","decl":{"start":{"line":96,"column":38},"end":{"line":96,"column":44}},"loc":{"start":{"line":96,"column":47},"end":{"line":98,"column":5}}},"6":{"name":"(anonymous_6)","decl":{"start":{"line":101,"column":9},"end":{"line":101,"column":15}},"loc":{"start":{"line":101,"column":15},"end":{"line":103,"column":3}}},"7":{"name":"(anonymous_7)","decl":{"start":{"line":105,"column":11},"end":{"line":105,"column":22}},"loc":{"start":{"line":105,"column":58},"end":{"line":107,"column":3}}},"8":{"name":"(anonymous_8)","decl":{"start":{"line":109,"column":11},"end":{"line":109,"column":23}},"loc":{"start":{"line":109,"column":59},"end":{"line":116,"column":3}}},"9":{"name":"(anonymous_9)","decl":{"start":{"line":119,"column":9},"end":{"line":119,"column":24}},"loc":{"start":{"line":119,"column":78},"end":{"line":145,"column":3}}},"10":{"name":"(anonymous_10)","decl":{"start":{"line":148,"column":9},"end":{"line":148,"column":19}},"loc":{"start":{"line":148,"column":19},"end":{"line":151,"column":3}}},"11":{"name":"(anonymous_11)","decl":{"start":{"line":154,"column":9},"end":{"line":154,"column":18}},"loc":{"start":{"line":154,"column":31},"end":{"line":157,"column":3}}},"12":{"name":"(anonymous_12)","decl":{"start":{"line":160,"column":9},"end":{"line":160,"column":28}},"loc":{"start":{"line":160,"column":28},"end":{"line":162,"column":3}}},"13":{"name":"(anonymous_13)","decl":{"start":{"line":164,"column":9},"end":{"line":164,"column":23}},"loc":{"start":{"line":164,"column":23},"end":{"line":166,"column":3}}}},"branchMap":{"0":{"loc":{"start":{"line":17,"column":12},"end":{"line":17,"column":null}},"type":"binary-expr","locations":[{"start":{"line":17,"column":12},"end":{"line":17,"column":26}},{"start":{"line":17,"column":26},"end":{"line":17,"column":null}}]},"1":{"loc":{"start":{"line":42,"column":15},"end":{"line":42,"column":45}},"type":"binary-expr","locations":[{"start":{"line":42,"column":15},"end":{"line":42,"column":18}},{"start":{"line":42,"column":22},"end":{"line":42,"column":45}}]},"2":{"loc":{"start":{"line":111,"column":4},"end":{"line":115,"column":5}},"type":"if","locations":[{"start":{"line":111,"column":4},"end":{"line":115,"column":5}},{"start":{"line":113,"column":11},"end":{"line":115,"column":5}}]},"3":{"loc":{"start":{"line":119,"column":52},"end":{"line":119,"column":78}},"type":"default-arg","locations":[{"start":{"line":119,"column":74},"end":{"line":119,"column":78}}]},"4":{"loc":{"start":{"line":126,"column":4},"end":{"line":129,"column":5}},"type":"if","locations":[{"start":{"line":126,"column":4},"end":{"line":129,"column":5}}]},"5":{"loc":{"start":{"line":131,"column":4},"end":{"line":144,"column":5}},"type":"switch","locations":[{"start":{"line":132,"column":6},"end":{"line":134,"column":14}},{"start":{"line":135,"column":6},"end":{"line":137,"column":14}},{"start":{"line":138,"column":6},"end":{"line":140,"column":14}},{"start":{"line":141,"column":6},"end":{"line":143,"column":14}}]}},"s":{"0":1,"1":1,"2":1,"3":1,"4":1,"5":1,"6":1,"7":1,"8":7,"9":7,"10":7,"11":7,"12":7,"13":7,"14":7,"15":7,"16":7,"17":7,"18":7,"19":7,"20":7,"21":7,"22":7,"23":7,"24":2,"25":2,"26":2,"27":2,"28":2,"29":2,"30":2,"31":8,"32":2,"33":8,"34":1,"35":0,"36":0,"37":0,"38":2,"39":2,"40":2,"41":2,"42":2,"43":0,"44":0,"45":2,"46":0,"47":0,"48":1,"49":1,"50":1,"51":1,"52":0,"53":0,"54":0,"55":0,"56":1,"57":1,"58":1,"59":0,"60":1},"f":{"0":1,"1":7,"2":2,"3":2,"4":8,"5":8,"6":1,"7":0,"8":0,"9":2,"10":0,"11":1,"12":1,"13":0},"b":{"0":[1,1],"1":[7,0],"2":[0,0],"3":[2],"4":[0],"5":[0,1,1,0]}}
,"/Volumes/Data/Perso/blob-simulator/src/genetics/slime-dna.ts": {"path":"/Volumes/Data/Perso/blob-simulator/src/genetics/slime-dna.ts","statementMap":{"0":{"start":{"line":1,"column":0},"end":{"line":1,"column":34}},"1":{"start":{"line":2,"column":0},"end":{"line":2,"column":41}},"2":{"start":{"line":23,"column":4},"end":{"line":54,"column":6}},"3":{"start":{"line":59,"column":4},"end":{"line":59,"column":55}},"4":{"start":{"line":63,"column":4},"end":{"line":63,"column":26}},"5":{"start":{"line":68,"column":4},"end":{"line":68,"column":32}},"6":{"start":{"line":73,"column":4},"end":{"line":73,"column":38}},"7":{"start":{"line":78,"column":44},"end":{"line":78,"column":46}},"8":{"start":{"line":81,"column":5},"end":{"line":100,"column":7}},"9":{"start":{"line":82,"column":20},"end":{"line":82,"column":40}},"10":{"start":{"line":83,"column":20},"end":{"line":83,"column":40}},"11":{"start":{"line":86,"column":25},"end":{"line":86,"column":62}},"12":{"start":{"line":89,"column":18},"end":{"line":89,"column":34}},"13":{"start":{"line":90,"column":6},"end":{"line":94,"column":7}},"14":{"start":{"line":92,"column":31},"end":{"line":92,"column":98}},"15":{"start":{"line":93,"column":8},"end":{"line":93,"column":91}},"16":{"start":{"line":96,"column":6},"end":{"line":99,"column":8}},"17":{"start":{"line":102,"column":4},"end":{"line":102,"column":34}},"18":{"start":{"line":109,"column":14},"end":{"line":109,"column":42}},"19":{"start":{"line":110,"column":14},"end":{"line":110,"column":17}},"20":{"start":{"line":111,"column":14},"end":{"line":111,"column":17}},"21":{"start":{"line":114,"column":14},"end":{"line":114,"column":43}},"22":{"start":{"line":115,"column":14},"end":{"line":115,"column":52}},"23":{"start":{"line":116,"column":14},"end":{"line":116,"column":23}},"24":{"start":{"line":118,"column":12},"end":{"line":118,"column":13}},"25":{"start":{"line":118,"column":19},"end":{"line":118,"column":20}},"26":{"start":{"line":118,"column":26},"end":{"line":118,"column":27}},"27":{"start":{"line":120,"column":4},"end":{"line":125,"column":33}},"28":{"start":{"line":120,"column":18},"end":{"line":120,"column":24}},"29":{"start":{"line":120,"column":25},"end":{"line":120,"column":31}},"30":{"start":{"line":120,"column":32},"end":{"line":120,"column":38}},"31":{"start":{"line":121,"column":9},"end":{"line":125,"column":33}},"32":{"start":{"line":121,"column":24},"end":{"line":121,"column":30}},"33":{"start":{"line":121,"column":31},"end":{"line":121,"column":37}},"34":{"start":{"line":121,"column":38},"end":{"line":121,"column":44}},"35":{"start":{"line":122,"column":9},"end":{"line":125,"column":33}},"36":{"start":{"line":122,"column":24},"end":{"line":122,"column":30}},"37":{"start":{"line":122,"column":31},"end":{"line":122,"column":37}},"38":{"start":{"line":122,"column":38},"end":{"line":122,"column":44}},"39":{"start":{"line":123,"column":9},"end":{"line":125,"column":33}},"40":{"start":{"line":123,"column":24},"end":{"line":123,"column":30}},"41":{"start":{"line":123,"column":31},"end":{"line":123,"column":37}},"42":{"start":{"line":123,"column":38},"end":{"line":123,"column":44}},"43":{"start":{"line":124,"column":9},"end":{"line":125,"column":33}},"44":{"start":{"line":124,"column":24},"end":{"line":124,"column":30}},"45":{"start":{"line":124,"column":31},"end":{"line":124,"column":37}},"46":{"start":{"line":124,"column":38},"end":{"line":124,"column":44}},"47":{"start":{"line":125,"column":11},"end":{"line":125,"column":17}},"48":{"start":{"line":125,"column":18},"end":{"line":125,"column":24}},"49":{"start":{"line":125,"column":25},"end":{"line":125,"column":31}},"50":{"start":{"line":128,"column":4},"end":{"line":133,"column":6}},"51":{"start":{"line":138,"column":4},"end":{"line":140,"column":6}},"52":{"start":{"line":145,"column":4},"end":{"line":145,"column":36}},"53":{"start":{"line":19,"column":0},"end":{"line":19,"column":13}}},"fnMap":{"0":{"name":"(anonymous_0)","decl":{"start":{"line":22,"column":2},"end":{"line":22,"column":14}},"loc":{"start":{"line":22,"column":43},"end":{"line":55,"column":3}}},"1":{"name":"(anonymous_1)","decl":{"start":{"line":57,"column":10},"end":{"line":57,"column":25}},"loc":{"start":{"line":57,"column":80},"end":{"line":60,"column":3}}},"2":{"name":"(anonymous_2)","decl":{"start":{"line":62,"column":9},"end":{"line":62,"column":15}},"loc":{"start":{"line":62,"column":28},"end":{"line":64,"column":3}}},"3":{"name":"(anonymous_3)","decl":{"start":{"line":67,"column":9},"end":{"line":67,"column":16}},"loc":{"start":{"line":67,"column":45},"end":{"line":69,"column":3}}},"4":{"name":"(anonymous_4)","decl":{"start":{"line":72,"column":9},"end":{"line":72,"column":21}},"loc":{"start":{"line":72,"column":50},"end":{"line":74,"column":3}}},"5":{"name":"(anonymous_5)","decl":{"start":{"line":77,"column":9},"end":{"line":77,"column":15}},"loc":{"start":{"line":77,"column":83},"end":{"line":103,"column":3}}},"6":{"name":"(anonymous_6)","decl":{"start":{"line":81,"column":67},"end":{"line":81,"column":75}},"loc":{"start":{"line":81,"column":78},"end":{"line":100,"column":5}}},"7":{"name":"(anonymous_7)","decl":{"start":{"line":106,"column":9},"end":{"line":106,"column":17}},"loc":{"start":{"line":106,"column":17},"end":{"line":134,"column":3}}},"8":{"name":"(anonymous_8)","decl":{"start":{"line":137,"column":9},"end":{"line":137,"column":18}},"loc":{"start":{"line":137,"column":18},"end":{"line":141,"column":3}}},"9":{"name":"(anonymous_9)","decl":{"start":{"line":144,"column":9},"end":{"line":144,"column":15}},"loc":{"start":{"line":144,"column":37},"end":{"line":146,"column":3}}}},"branchMap":{"0":{"loc":{"start":{"line":26,"column":15},"end":{"line":26,"column":78}},"type":"binary-expr","locations":[{"start":{"line":26,"column":15},"end":{"line":26,"column":34}},{"start":{"line":26,"column":38},"end":{"line":26,"column":78}}]},"1":{"loc":{"start":{"line":32,"column":15},"end":{"line":32,"column":77}},"type":"binary-expr","locations":[{"start":{"line":32,"column":15},"end":{"line":32,"column":33}},{"start":{"line":32,"column":37},"end":{"line":32,"column":77}}]},"2":{"loc":{"start":{"line":38,"column":15},"end":{"line":38,"column":89}},"type":"binary-expr","locations":[{"start":{"line":38,"column":15},"end":{"line":38,"column":45}},{"start":{"line":38,"column":49},"end":{"line":38,"column":89}}]},"3":{"loc":{"start":{"line":44,"column":15},"end":{"line":44,"column":74}},"type":"binary-expr","locations":[{"start":{"line":44,"column":15},"end":{"line":44,"column":34}},{"start":{"line":44,"column":38},"end":{"line":44,"column":74}}]},"4":{"loc":{"start":{"line":50,"column":15},"end":{"line":50,"column":82}},"type":"binary-expr","locations":[{"start":{"line":50,"column":15},"end":{"line":50,"column":40}},{"start":{"line":50,"column":44},"end":{"line":50,"column":82}}]},"5":{"loc":{"start":{"line":77,"column":56},"end":{"line":77,"column":83}},"type":"default-arg","locations":[{"start":{"line":77,"column":79},"end":{"line":77,"column":83}}]},"6":{"loc":{"start":{"line":86,"column":25},"end":{"line":86,"column":62}},"type":"cond-expr","locations":[{"start":{"line":86,"column":49},"end":{"line":86,"column":54}},{"start":{"line":86,"column":57},"end":{"line":86,"column":62}}]},"7":{"loc":{"start":{"line":90,"column":6},"end":{"line":94,"column":7}},"type":"if","locations":[{"start":{"line":90,"column":6},"end":{"line":94,"column":7}}]},"8":{"loc":{"start":{"line":120,"column":4},"end":{"line":125,"column":33}},"type":"if","locations":[{"start":{"line":120,"column":4},"end":{"line":125,"column":33}},{"start":{"line":121,"column":9},"end":{"line":125,"column":33}}]},"9":{"loc":{"start":{"line":121,"column":9},"end":{"line":125,"column":33}},"type":"if","locations":[{"start":{"line":121,"column":9},"end":{"line":125,"column":33}},{"start":{"line":122,"column":9},"end":{"line":125,"column":33}}]},"10":{"loc":{"start":{"line":122,"column":9},"end":{"line":125,"column":33}},"type":"if","locations":[{"start":{"line":122,"column":9},"end":{"line":125,"column":33}},{"start":{"line":123,"column":9},"end":{"line":125,"column":33}}]},"11":{"loc":{"start":{"line":123,"column":9},"end":{"line":125,"column":33}},"type":"if","locations":[{"start":{"line":123,"column":9},"end":{"line":125,"column":33}},{"start":{"line":124,"column":9},"end":{"line":125,"column":33}}]},"12":{"loc":{"start":{"line":124,"column":9},"end":{"line":125,"column":33}},"type":"if","locations":[{"start":{"line":124,"column":9},"end":{"line":125,"column":33}},{"start":{"line":125,"column":9},"end":{"line":125,"column":33}}]}},"s":{"0":3,"1":3,"2":64,"3":288,"4":47,"5":0,"6":34,"7":2,"8":2,"9":10,"10":10,"11":10,"12":10,"13":10,"14":5,"15":5,"16":10,"17":2,"18":6,"19":6,"20":6,"21":6,"22":6,"23":6,"24":6,"25":6,"26":6,"27":6,"28":2,"29":2,"30":2,"31":4,"32":0,"33":0,"34":0,"35":4,"36":0,"37":0,"38":0,"39":4,"40":2,"41":2,"42":2,"43":2,"44":1,"45":1,"46":1,"47":1,"48":1,"49":1,"50":6,"51":1,"52":1,"53":3},"f":{"0":64,"1":288,"2":47,"3":0,"4":34,"5":2,"6":10,"7":6,"8":1,"9":1},"b":{"0":[64,54],"1":[64,56],"2":[64,60],"3":[64,57],"4":[64,61],"5":[0],"6":[7,3],"7":[5],"8":[2,4],"9":[0,4],"10":[0,4],"11":[2,2],"12":[1,1]}}
,"/Volumes/Data/Perso/blob-simulator/src/genetics/slime-spawner.ts": {"path":"/Volumes/Data/Perso/blob-simulator/src/genetics/slime-spawner.ts","statementMap":{"0":{"start":{"line":1,"column":0},"end":{"line":1,"column":40}},"1":{"start":{"line":2,"column":0},"end":{"line":2,"column":40}},"2":{"start":{"line":3,"column":0},"end":{"line":3,"column":39}},"3":{"start":{"line":4,"column":0},"end":{"line":4,"column":41}},"4":{"start":{"line":15,"column":28},"end":{"line":15,"column":30}},"5":{"start":{"line":17,"column":39},"end":{"line":17,"column":40}},"6":{"start":{"line":20,"column":4},"end":{"line":20,"column":25}},"7":{"start":{"line":21,"column":4},"end":{"line":26,"column":6}},"8":{"start":{"line":35,"column":4},"end":{"line":35,"column":21}},"9":{"start":{"line":38,"column":4},"end":{"line":43,"column":5}},"10":{"start":{"line":38,"column":17},"end":{"line":38,"column":18}},"11":{"start":{"line":39,"column":20},"end":{"line":39,"column":37}},"12":{"start":{"line":40,"column":6},"end":{"line":42,"column":7}},"13":{"start":{"line":41,"column":8},"end":{"line":41,"column":32}},"14":{"start":{"line":45,"column":4},"end":{"line":45,"column":28}},"15":{"start":{"line":54,"column":31},"end":{"line":54,"column":33}},"16":{"start":{"line":57,"column":4},"end":{"line":71,"column":5}},"17":{"start":{"line":58,"column":6},"end":{"line":58,"column":43}},"18":{"start":{"line":61,"column":28},"end":{"line":61,"column":56}},"19":{"start":{"line":62,"column":6},"end":{"line":70,"column":7}},"20":{"start":{"line":64,"column":22},"end":{"line":64,"column":39}},"21":{"start":{"line":65,"column":8},"end":{"line":69,"column":9}},"22":{"start":{"line":66,"column":10},"end":{"line":66,"column":34}},"23":{"start":{"line":67,"column":10},"end":{"line":67,"column":32}},"24":{"start":{"line":68,"column":10},"end":{"line":68,"column":51}},"25":{"start":{"line":73,"column":4},"end":{"line":73,"column":21}},"26":{"start":{"line":81,"column":18},"end":{"line":81,"column":44}},"27":{"start":{"line":82,"column":4},"end":{"line":84,"column":5}},"28":{"start":{"line":83,"column":6},"end":{"line":83,"column":35}},"29":{"start":{"line":91,"column":4},"end":{"line":91,"column":30}},"30":{"start":{"line":98,"column":4},"end":{"line":98,"column":28}},"31":{"start":{"line":106,"column":20},"end":{"line":106,"column":48}},"32":{"start":{"line":107,"column":17},"end":{"line":107,"column":48}},"33":{"start":{"line":108,"column":17},"end":{"line":108,"column":54}},"34":{"start":{"line":109,"column":17},"end":{"line":109,"column":49}},"35":{"start":{"line":110,"column":17},"end":{"line":110,"column":55}},"36":{"start":{"line":113,"column":24},"end":{"line":113,"column":26}},"37":{"start":{"line":114,"column":4},"end":{"line":135,"column":5}},"38":{"start":{"line":114,"column":23},"end":{"line":114,"column":24}},"39":{"start":{"line":115,"column":16},"end":{"line":115,"column":46}},"40":{"start":{"line":116,"column":16},"end":{"line":116,"column":46}},"41":{"start":{"line":119,"column":26},"end":{"line":119,"column":30}},"42":{"start":{"line":120,"column":6},"end":{"line":130,"column":7}},"43":{"start":{"line":121,"column":19},"end":{"line":121,"column":42}},"44":{"start":{"line":122,"column":19},"end":{"line":122,"column":42}},"45":{"start":{"line":123,"column":25},"end":{"line":123,"column":53}},"46":{"start":{"line":126,"column":8},"end":{"line":129,"column":9}},"47":{"start":{"line":127,"column":10},"end":{"line":127,"column":32}},"48":{"start":{"line":128,"column":10},"end":{"line":128,"column":16}},"49":{"start":{"line":132,"column":6},"end":{"line":134,"column":7}},"50":{"start":{"line":133,"column":8},"end":{"line":133,"column":24}},"51":{"start":{"line":138,"column":4},"end":{"line":138,"column":16}},"52":{"start":{"line":146,"column":21},"end":{"line":146,"column":50}},"53":{"start":{"line":147,"column":4},"end":{"line":149,"column":5}},"54":{"start":{"line":148,"column":6},"end":{"line":148,"column":18}},"55":{"start":{"line":152,"column":18},"end":{"line":152,"column":52}},"56":{"start":{"line":153,"column":4},"end":{"line":153,"column":44}},"57":{"start":{"line":154,"column":4},"end":{"line":154,"column":23}},"58":{"start":{"line":156,"column":4},"end":{"line":156,"column":17}},"59":{"start":{"line":164,"column":4},"end":{"line":167,"column":6}},"60":{"start":{"line":13,"column":0},"end":{"line":13,"column":13}}},"fnMap":{"0":{"name":"(anonymous_0)","decl":{"start":{"line":19,"column":2},"end":{"line":19,"column":14}},"loc":{"start":{"line":19,"column":59},"end":{"line":27,"column":3}}},"1":{"name":"(anonymous_1)","decl":{"start":{"line":33,"column":9},"end":{"line":33,"column":19}},"loc":{"start":{"line":33,"column":19},"end":{"line":46,"column":3}}},"2":{"name":"(anonymous_2)","decl":{"start":{"line":53,"column":9},"end":{"line":53,"column":15}},"loc":{"start":{"line":53,"column":33},"end":{"line":74,"column":3}}},"3":{"name":"(anonymous_3)","decl":{"start":{"line":80,"column":9},"end":{"line":80,"column":20}},"loc":{"start":{"line":80,"column":33},"end":{"line":85,"column":3}}},"4":{"name":"(anonymous_4)","decl":{"start":{"line":90,"column":9},"end":{"line":90,"column":22}},"loc":{"start":{"line":90,"column":22},"end":{"line":92,"column":3}}},"5":{"name":"(anonymous_5)","decl":{"start":{"line":97,"column":9},"end":{"line":97,"column":18}},"loc":{"start":{"line":97,"column":18},"end":{"line":99,"column":3}}},"6":{"name":"(anonymous_6)","decl":{"start":{"line":105,"column":10},"end":{"line":105,"column":32}},"loc":{"start":{"line":105,"column":32},"end":{"line":139,"column":3}}},"7":{"name":"(anonymous_7)","decl":{"start":{"line":145,"column":10},"end":{"line":145,"column":20}},"loc":{"start":{"line":145,"column":20},"end":{"line":157,"column":3}}},"8":{"name":"(anonymous_8)","decl":{"start":{"line":163,"column":9},"end":{"line":163,"column":21}},"loc":{"start":{"line":163,"column":50},"end":{"line":168,"column":3}}}},"branchMap":{"0":{"loc":{"start":{"line":22,"column":25},"end":{"line":22,"column":56}},"type":"binary-expr","locations":[{"start":{"line":22,"column":25},"end":{"line":22,"column":50}},{"start":{"line":22,"column":54},"end":{"line":22,"column":56}}]},"1":{"loc":{"start":{"line":23,"column":17},"end":{"line":23,"column":41}},"type":"binary-expr","locations":[{"start":{"line":23,"column":17},"end":{"line":23,"column":34}},{"start":{"line":23,"column":38},"end":{"line":23,"column":41}}]},"2":{"loc":{"start":{"line":24,"column":21},"end":{"line":24,"column":49}},"type":"binary-expr","locations":[{"start":{"line":24,"column":21},"end":{"line":24,"column":42}},{"start":{"line":24,"column":46},"end":{"line":24,"column":49}}]},"3":{"loc":{"start":{"line":25,"column":24},"end":{"line":25,"column":55}},"type":"binary-expr","locations":[{"start":{"line":25,"column":24},"end":{"line":25,"column":48}},{"start":{"line":25,"column":52},"end":{"line":25,"column":55}}]},"4":{"loc":{"start":{"line":40,"column":6},"end":{"line":42,"column":7}},"type":"if","locations":[{"start":{"line":40,"column":6},"end":{"line":42,"column":7}}]},"5":{"loc":{"start":{"line":57,"column":4},"end":{"line":71,"column":5}},"type":"if","locations":[{"start":{"line":57,"column":4},"end":{"line":71,"column":5}}]},"6":{"loc":{"start":{"line":62,"column":13},"end":{"line":63,"column":59}},"type":"binary-expr","locations":[{"start":{"line":62,"column":13},"end":{"line":62,"column":53}},{"start":{"line":63,"column":13},"end":{"line":63,"column":59}}]},"7":{"loc":{"start":{"line":65,"column":8},"end":{"line":69,"column":9}},"type":"if","locations":[{"start":{"line":65,"column":8},"end":{"line":69,"column":9}}]},"8":{"loc":{"start":{"line":82,"column":4},"end":{"line":84,"column":5}},"type":"if","locations":[{"start":{"line":82,"column":4},"end":{"line":84,"column":5}}]},"9":{"loc":{"start":{"line":126,"column":8},"end":{"line":129,"column":9}},"type":"if","locations":[{"start":{"line":126,"column":8},"end":{"line":129,"column":9}}]},"10":{"loc":{"start":{"line":132,"column":6},"end":{"line":134,"column":7}},"type":"if","locations":[{"start":{"line":132,"column":6},"end":{"line":134,"column":7}}]},"11":{"loc":{"start":{"line":147,"column":4},"end":{"line":149,"column":5}},"type":"if","locations":[{"start":{"line":147,"column":4},"end":{"line":149,"column":5}}]}},"s":{"0":1,"1":1,"2":1,"3":1,"4":5,"5":5,"6":5,"7":5,"8":5,"9":5,"10":5,"11":25,"12":25,"13":25,"14":5,"15":11,"16":11,"17":10,"18":10,"19":10,"20":9,"21":9,"22":9,"23":9,"24":9,"25":11,"26":2,"27":2,"28":1,"29":13,"30":0,"31":34,"32":34,"33":34,"34":34,"35":34,"36":34,"37":34,"38":34,"39":34,"40":34,"41":34,"42":34,"43":108,"44":108,"45":108,"46":108,"47":0,"48":0,"49":34,"50":34,"51":0,"52":34,"53":34,"54":0,"55":34,"56":34,"57":34,"58":34,"59":1,"60":1},"f":{"0":5,"1":5,"2":11,"3":2,"4":13,"5":0,"6":34,"7":34,"8":1},"b":{"0":[5,0],"1":[5,0],"2":[5,0],"3":[5,0],"4":[25],"5":[10],"6":[19,9],"7":[9],"8":[1],"9":[0],"10":[34],"11":[0]}}
,"/Volumes/Data/Perso/blob-simulator/src/utils/random.ts": {"path":"/Volumes/Data/Perso/blob-simulator/src/utils/random.ts","statementMap":{"0":{"start":{"line":6,"column":32},"end":{"line":6,"column":33}},"1":{"start":{"line":7,"column":40},"end":{"line":7,"column":45}},"2":{"start":{"line":15,"column":15},"end":{"line":15,"column":16}},"3":{"start":{"line":16,"column":4},"end":{"line":20,"column":5}},"4":{"start":{"line":16,"column":17},"end":{"line":16,"column":18}},"5":{"start":{"line":17,"column":19},"end":{"line":17,"column":37}},"6":{"start":{"line":18,"column":6},"end":{"line":18,"column":41}},"7":{"start":{"line":19,"column":6},"end":{"line":19,"column":25}},"8":{"start":{"line":21,"column":4},"end":{"line":21,"column":27}},"9":{"start":{"line":22,"column":4},"end":{"line":22,"column":28}},"10":{"start":{"line":30,"column":4},"end":{"line":33,"column":5}},"11":{"start":{"line":31,"column":6},"end":{"line":31,"column":86}},"12":{"start":{"line":32,"column":6},"end":{"line":32,"column":27}},"13":{"start":{"line":36,"column":12},"end":{"line":36,"column":35}},"14":{"start":{"line":37,"column":4},"end":{"line":37,"column":39}},"15":{"start":{"line":38,"column":4},"end":{"line":38,"column":44}},"16":{"start":{"line":39,"column":19},"end":{"line":39,"column":54}},"17":{"start":{"line":40,"column":4},"end":{"line":40,"column":18}},"18":{"start":{"line":47,"column":4},"end":{"line":47,"column":61}},"19":{"start":{"line":54,"column":4},"end":{"line":54,"column":45}},"20":{"start":{"line":66,"column":15},"end":{"line":66,"column":28}},"21":{"start":{"line":67,"column":15},"end":{"line":67,"column":28}},"22":{"start":{"line":68,"column":15},"end":{"line":68,"column":76}},"23":{"start":{"line":69,"column":16},"end":{"line":69,"column":34}},"24":{"start":{"line":72,"column":4},"end":{"line":72,"column":47}},"25":{"start":{"line":5,"column":0},"end":{"line":5,"column":13}}},"fnMap":{"0":{"name":"(anonymous_0)","decl":{"start":{"line":13,"column":9},"end":{"line":13,"column":15}},"loc":{"start":{"line":13,"column":33},"end":{"line":23,"column":3}}},"1":{"name":"(anonymous_1)","decl":{"start":{"line":29,"column":9},"end":{"line":29,"column":15}},"loc":{"start":{"line":29,"column":22},"end":{"line":41,"column":3}}},"2":{"name":"(anonymous_2)","decl":{"start":{"line":46,"column":9},"end":{"line":46,"column":15}},"loc":{"start":{"line":46,"column":50},"end":{"line":48,"column":3}}},"3":{"name":"(anonymous_3)","decl":{"start":{"line":53,"column":9},"end":{"line":53,"column":15}},"loc":{"start":{"line":53,"column":52},"end":{"line":55,"column":3}}},"4":{"name":"(anonymous_4)","decl":{"start":{"line":64,"column":9},"end":{"line":64,"column":15}},"loc":{"start":{"line":64,"column":83},"end":{"line":73,"column":3}}}},"branchMap":{"0":{"loc":{"start":{"line":30,"column":4},"end":{"line":33,"column":5}},"type":"if","locations":[{"start":{"line":30,"column":4},"end":{"line":33,"column":5}}]}},"s":{"0":3,"1":3,"2":17,"3":17,"4":17,"5":153,"6":153,"7":153,"8":17,"9":17,"10":669,"11":0,"12":0,"13":669,"14":669,"15":669,"16":669,"17":669,"18":0,"19":68,"20":288,"21":288,"22":288,"23":288,"24":288,"25":3},"f":{"0":17,"1":669,"2":0,"3":68,"4":288},"b":{"0":[0]}}
}
