TN:
SF:src/actors/food.ts
FN:16,(anonymous_0)
FN:32,(anonymous_1)
FN:55,(anonymous_2)
FN:67,(anonymous_3)
FN:79,(anonymous_4)
FN:90,(anonymous_5)
FN:95,(anonymous_6)
FN:100,(anonymous_7)
FN:105,(anonymous_8)
FN:110,(anonymous_9)
FN:127,(anonymous_10)
FN:135,(anonymous_11)
FNF:12
FNH:9
FNDA:4,(anonymous_0)
FNDA:79,(anonymous_1)
FNDA:79,(anonymous_2)
FNDA:79,(anonymous_3)
FNDA:79,(anonymous_4)
FNDA:0,(anonymous_5)
FNDA:3,(anonymous_6)
FNDA:3,(anonymous_7)
FNDA:70,(anonymous_8)
FNDA:9,(anonymous_9)
FNDA:0,(anonymous_10)
FNDA:0,(anonymous_11)
DA:5,4
DA:13,4
DA:16,4
DA:17,4
DA:18,4
DA:19,4
DA:25,4
DA:28,4
DA:29,79
DA:30,79
DA:34,79
DA:36,79
DA:43,79
DA:44,79
DA:47,79
DA:48,79
DA:56,79
DA:58,56
DA:60,16
DA:62,7
DA:68,79
DA:70,56
DA:72,16
DA:74,7
DA:80,79
DA:82,56
DA:84,16
DA:86,7
DA:96,3
DA:101,3
DA:106,70
DA:111,9
DA:112,1
DA:115,8
DA:116,8
DA:119,8
DA:120,2
DA:123,8
DA:129,0
DA:132,0
DA:133,0
DA:135,0
DA:136,0
DA:137,0
DA:139,0
DA:144,0
DA:145,0
DA:146,0
LF:48
LH:38
BRDA:16,0,0,4
BRDA:16,0,1,4
BRDA:32,1,0,6
BRDA:56,2,0,56
BRDA:56,2,1,16
BRDA:56,2,2,7
BRDA:68,3,0,56
BRDA:68,3,1,16
BRDA:68,3,2,7
BRDA:80,4,0,56
BRDA:80,4,1,16
BRDA:80,4,2,7
BRDA:111,5,0,1
BRDA:119,6,0,2
BRDA:144,7,0,0
BRF:15
BRH:14
end_of_record
TN:
SF:src/actors/slime.ts
FN:22,(anonymous_0)
FN:30,(anonymous_1)
FN:36,(anonymous_2)
FN:79,(anonymous_3)
FN:122,(anonymous_4)
FN:141,(anonymous_5)
FN:147,(anonymous_6)
FN:156,(anonymous_7)
FN:167,(anonymous_8)
FN:171,(anonymous_9)
FN:176,(anonymous_10)
FN:180,(anonymous_11)
FN:194,(anonymous_12)
FN:209,(anonymous_13)
FN:258,(anonymous_14)
FN:271,(anonymous_15)
FN:310,(anonymous_16)
FN:346,(anonymous_17)
FN:366,(anonymous_18)
FN:399,(anonymous_19)
FN:414,(anonymous_20)
FN:420,(anonymous_21)
FN:436,(anonymous_22)
FN:441,(anonymous_23)
FN:480,(anonymous_24)
FN:498,(anonymous_25)
FN:506,(anonymous_26)
FN:512,(anonymous_27)
FN:518,(anonymous_28)
FN:523,(anonymous_29)
FN:528,(anonymous_30)
FN:533,(anonymous_31)
FN:540,(anonymous_32)
FN:547,(anonymous_33)
FN:554,(anonymous_34)
FNF:35
FNH:23
FNDA:4,(anonymous_0)
FNDA:4,(anonymous_1)
FNDA:4,(anonymous_2)
FNDA:36,(anonymous_3)
FNDA:0,(anonymous_4)
FNDA:2,(anonymous_5)
FNDA:0,(anonymous_6)
FNDA:2,(anonymous_7)
FNDA:8,(anonymous_8)
FNDA:8,(anonymous_9)
FNDA:1,(anonymous_10)
FNDA:0,(anonymous_11)
FNDA:0,(anonymous_12)
FNDA:3,(anonymous_13)
FNDA:0,(anonymous_14)
FNDA:3,(anonymous_15)
FNDA:0,(anonymous_16)
FNDA:12,(anonymous_17)
FNDA:5,(anonymous_18)
FNDA:9,(anonymous_19)
FNDA:5,(anonymous_20)
FNDA:5,(anonymous_21)
FNDA:1,(anonymous_22)
FNDA:8,(anonymous_23)
FNDA:4,(anonymous_24)
FNDA:2,(anonymous_25)
FNDA:0,(anonymous_26)
FNDA:1,(anonymous_27)
FNDA:0,(anonymous_28)
FNDA:0,(anonymous_29)
FNDA:1,(anonymous_30)
FNDA:0,(anonymous_31)
FNDA:2,(anonymous_32)
FNDA:0,(anonymous_33)
FNDA:0,(anonymous_34)
DA:5,4
DA:16,4
DA:17,4
DA:19,4
DA:22,4
DA:23,4
DA:24,4
DA:25,4
DA:26,4
DA:30,4
DA:31,4
DA:32,4
DA:36,4
DA:37,4
DA:38,4
DA:39,4
DA:42,4
DA:43,4
DA:46,36
DA:47,36
DA:49,36
DA:50,36
DA:51,36
DA:52,36
DA:55,36
DA:58,36
DA:59,36
DA:60,36
DA:61,36
DA:62,36
DA:65,36
DA:66,36
DA:67,36
DA:68,36
DA:69,36
DA:70,36
DA:71,36
DA:72,36
DA:73,36
DA:76,36
DA:77,36
DA:80,36
DA:88,36
DA:90,36
DA:99,36
DA:100,36
DA:101,36
DA:102,36
DA:103,36
DA:104,36
DA:111,36
DA:112,36
DA:113,36
DA:114,36
DA:122,36
DA:124,0
DA:127,0
DA:130,0
DA:131,0
DA:134,0
DA:137,0
DA:143,2
DA:144,2
DA:147,2
DA:149,0
DA:150,0
DA:151,0
DA:159,2
DA:160,2
DA:163,2
DA:164,2
DA:167,2
DA:168,8
DA:171,2
DA:172,8
DA:177,1
DA:182,0
DA:185,0
DA:188,0
DA:191,0
DA:196,0
DA:199,0
DA:200,0
DA:202,0
DA:213,3
DA:214,3
DA:217,3
DA:220,3
DA:228,3
DA:231,3
DA:232,3
DA:233,1
DA:234,2
DA:236,1
DA:245,3
DA:246,3
DA:260,0
DA:263,0
DA:264,0
DA:273,3
DA:276,3
DA:279,3
DA:280,1
DA:283,2
DA:284,1
DA:288,3
DA:292,3
DA:293,3
DA:295,3
DA:296,1
DA:297,1
DA:298,2
DA:299,1
DA:300,1
DA:303,3
DA:304,3
DA:311,0
DA:312,0
DA:315,0
DA:316,0
DA:317,0
DA:318,0
DA:322,0
DA:323,0
DA:324,0
DA:325,0
DA:329,0
DA:330,0
DA:331,0
DA:332,0
DA:336,0
DA:337,0
DA:338,0
DA:339,0
DA:348,12
DA:351,12
DA:352,0
DA:356,12
DA:357,12
DA:360,12
DA:368,5
DA:371,5
DA:373,2
DA:374,2
DA:377,2
DA:378,1
DA:381,2
DA:385,5
DA:388,5
DA:391,5
DA:392,2
DA:400,9
DA:402,9
DA:403,4
DA:404,5
DA:405,1
DA:407,4
DA:415,5
DA:416,5
DA:417,5
DA:420,5
DA:422,5
DA:423,5
DA:427,5
DA:428,1
DA:437,1
DA:445,8
DA:446,8
DA:449,8
DA:450,2
DA:453,8
DA:454,8
DA:456,8
DA:457,0
DA:458,0
DA:461,8
DA:463,0
DA:464,0
DA:466,4
DA:467,4
DA:469,1
DA:470,1
DA:472,3
DA:473,3
DA:482,4
DA:484,1
DA:487,3
DA:490,3
DA:491,1
DA:499,2
DA:502,2
DA:507,0
DA:508,0
DA:513,1
DA:514,1
DA:519,0
DA:524,0
DA:529,1
DA:534,0
DA:541,2
DA:548,0
DA:555,0
LF:202
LH:152
BRDA:22,0,0,4
BRDA:22,0,1,4
BRDA:30,1,0,4
BRDA:30,1,1,4
BRDA:36,2,0,4
BRDA:36,2,1,4
BRDA:88,3,0,36
BRDA:88,3,1,21
BRDA:124,4,0,0
BRDA:149,5,0,0
BRDA:182,6,0,0
BRDA:196,7,0,0
BRDA:199,8,0,0
BRDA:199,8,1,0
BRDA:232,9,0,1
BRDA:232,9,1,2
BRDA:234,10,0,1
BRDA:245,11,0,3
BRDA:263,12,0,0
BRDA:279,13,0,1
BRDA:279,13,1,2
BRDA:283,14,0,1
BRDA:295,15,0,1
BRDA:295,15,1,2
BRDA:298,16,0,1
BRDA:315,17,0,0
BRDA:322,18,0,0
BRDA:329,19,0,0
BRDA:336,20,0,0
BRDA:351,21,0,0
BRDA:371,22,0,2
BRDA:377,23,0,1
BRDA:391,24,0,2
BRDA:391,25,0,5
BRDA:391,25,1,2
BRDA:402,26,0,4
BRDA:402,26,1,5
BRDA:404,27,0,1
BRDA:404,27,1,4
BRDA:422,28,0,5
BRDA:427,29,0,1
BRDA:443,30,0,4
BRDA:449,31,0,2
BRDA:456,32,0,0
BRDA:461,33,0,0
BRDA:461,33,1,4
BRDA:461,33,2,1
BRDA:461,33,3,3
BRDA:482,34,0,1
BRDA:482,35,0,4
BRDA:482,35,1,3
BRDA:490,36,0,1
BRDA:499,37,0,1
BRDA:499,37,1,1
BRF:54
BRH:40
end_of_record
TN:
SF:src/genetics/slime-dna.ts
FN:22,(anonymous_0)
FN:57,(anonymous_1)
FN:62,(anonymous_2)
FN:67,(anonymous_3)
FN:72,(anonymous_4)
FN:77,(anonymous_5)
FN:81,(anonymous_6)
FN:106,(anonymous_7)
FN:137,(anonymous_8)
FN:144,(anonymous_9)
FNF:10
FNH:9
FNDA:93,(anonymous_0)
FNDA:425,(anonymous_1)
FNDA:68,(anonymous_2)
FNDA:0,(anonymous_3)
FNDA:54,(anonymous_4)
FNDA:2,(anonymous_5)
FNDA:10,(anonymous_6)
FNDA:6,(anonymous_7)
FNDA:1,(anonymous_8)
FNDA:1,(anonymous_9)
DA:1,6
DA:2,6
DA:19,6
DA:23,93
DA:59,425
DA:63,68
DA:68,0
DA:73,54
DA:78,2
DA:81,2
DA:82,10
DA:83,10
DA:86,10
DA:89,10
DA:90,10
DA:92,5
DA:93,5
DA:96,10
DA:102,2
DA:109,6
DA:110,6
DA:111,6
DA:114,6
DA:115,6
DA:116,6
DA:118,6
DA:120,6
DA:121,4
DA:122,4
DA:123,4
DA:124,2
DA:125,1
DA:128,6
DA:138,1
DA:145,1
LF:35
LH:34
BRDA:26,0,0,93
BRDA:26,0,1,81
BRDA:32,1,0,93
BRDA:32,1,1,85
BRDA:38,2,0,93
BRDA:38,2,1,83
BRDA:44,3,0,93
BRDA:44,3,1,86
BRDA:50,4,0,93
BRDA:50,4,1,90
BRDA:77,5,0,0
BRDA:86,6,0,7
BRDA:86,6,1,3
BRDA:90,7,0,5
BRDA:120,8,0,2
BRDA:120,8,1,4
BRDA:121,9,0,0
BRDA:121,9,1,4
BRDA:122,10,0,0
BRDA:122,10,1,4
BRDA:123,11,0,2
BRDA:123,11,1,2
BRDA:124,12,0,1
BRDA:124,12,1,1
BRF:24
BRH:21
end_of_record
TN:
SF:src/managers/food-manager.ts
FN:24,(anonymous_0)
FN:40,(anonymous_1)
FN:60,(anonymous_2)
FN:86,(anonymous_3)
FN:90,(anonymous_4)
FN:99,(anonymous_5)
FN:109,(anonymous_6)
FN:116,(anonymous_7)
FN:124,(anonymous_8)
FN:163,(anonymous_9)
FN:178,(anonymous_10)
FN:198,(anonymous_11)
FNF:12
FNH:12
FNDA:6,(anonymous_0)
FNDA:6,(anonymous_1)
FNDA:3,(anonymous_2)
FNDA:69,(anonymous_3)
FNDA:1,(anonymous_4)
FNDA:1,(anonymous_5)
FNDA:5,(anonymous_6)
FNDA:1,(anonymous_7)
FNDA:69,(anonymous_8)
FNDA:69,(anonymous_9)
FNDA:69,(anonymous_10)
FNDA:1,(anonymous_11)
DA:5,1
DA:6,1
DA:7,1
DA:18,1
DA:20,6
DA:22,6
DA:25,6
DA:26,6
DA:42,6
DA:45,6
DA:46,63
DA:47,63
DA:48,63
DA:52,6
DA:61,3
DA:63,3
DA:64,3
DA:67,3
DA:68,3
DA:70,6
DA:71,6
DA:72,6
DA:73,6
DA:74,6
DA:79,3
DA:87,69
DA:90,69
DA:91,1
DA:100,1
DA:101,1
DA:102,1
DA:110,5
DA:117,1
DA:125,69
DA:126,69
DA:127,69
DA:128,69
DA:129,69
DA:132,69
DA:133,69
DA:134,69
DA:135,69
DA:138,69
DA:139,69
DA:140,577
DA:141,577
DA:142,577
DA:145,577
DA:146,0
DA:147,0
DA:151,69
DA:152,69
DA:157,0
DA:164,69
DA:165,69
DA:166,6
DA:167,63
DA:168,13
DA:170,50
DA:179,69
DA:180,69
DA:181,0
DA:185,69
DA:188,69
DA:189,69
DA:191,69
DA:199,1
LF:67
LH:63
BRDA:27,0,0,6
BRDA:27,0,1,1
BRDA:28,1,0,6
BRDA:28,1,1,3
BRDA:29,2,0,6
BRDA:29,2,1,3
BRDA:30,3,0,6
BRDA:30,3,1,6
BRDA:31,4,0,6
BRDA:31,4,1,6
BRDA:32,5,0,6
BRDA:32,5,1,6
BRDA:47,6,0,63
BRDA:63,7,0,3
BRDA:68,8,0,9
BRDA:68,8,1,7
BRDA:71,9,0,6
BRDA:101,10,0,1
BRDA:145,11,0,0
BRDA:151,12,0,69
BRDA:165,13,0,6
BRDA:165,13,1,63
BRDA:167,14,0,13
BRDA:167,14,1,50
BRDA:180,15,0,0
BRF:25
BRH:23
end_of_record
TN:
SF:src/managers/slime-manager.ts
FN:23,(anonymous_0)
FN:37,(anonymous_1)
FN:57,(anonymous_2)
FN:83,(anonymous_3)
FN:93,(anonymous_4)
FN:100,(anonymous_5)
FN:108,(anonymous_6)
FN:148,(anonymous_7)
FN:169,(anonymous_8)
FNF:9
FNH:8
FNDA:5,(anonymous_0)
FNDA:5,(anonymous_1)
FNDA:11,(anonymous_2)
FNDA:2,(anonymous_3)
FNDA:13,(anonymous_4)
FNDA:0,(anonymous_5)
FNDA:34,(anonymous_6)
FNDA:34,(anonymous_7)
FNDA:1,(anonymous_8)
DA:5,1
DA:6,1
DA:7,1
DA:8,1
DA:17,1
DA:19,5
DA:21,5
DA:24,5
DA:25,5
DA:39,5
DA:42,5
DA:43,25
DA:44,25
DA:45,25
DA:49,5
DA:58,11
DA:60,11
DA:61,10
DA:64,10
DA:65,10
DA:67,9
DA:68,9
DA:69,9
DA:70,9
DA:71,9
DA:76,11
DA:84,2
DA:85,2
DA:86,1
DA:94,13
DA:101,0
DA:109,34
DA:110,34
DA:111,34
DA:112,34
DA:113,34
DA:116,34
DA:117,34
DA:118,34
DA:119,34
DA:122,34
DA:123,34
DA:124,108
DA:125,108
DA:126,108
DA:129,108
DA:130,0
DA:131,0
DA:135,34
DA:136,34
DA:141,0
DA:149,34
DA:150,34
DA:151,0
DA:155,34
DA:156,34
DA:157,34
DA:160,34
DA:162,34
DA:170,1
LF:60
LH:55
BRDA:26,0,0,5
BRDA:26,0,1,0
BRDA:27,1,0,5
BRDA:27,1,1,0
BRDA:28,2,0,5
BRDA:28,2,1,0
BRDA:29,3,0,5
BRDA:29,3,1,0
BRDA:44,4,0,25
BRDA:60,5,0,10
BRDA:65,6,0,19
BRDA:65,6,1,9
BRDA:68,7,0,9
BRDA:85,8,0,1
BRDA:129,9,0,0
BRDA:135,10,0,34
BRDA:150,11,0,0
BRF:17
BRH:11
end_of_record
TN:
SF:src/utils/random.ts
FN:13,(anonymous_0)
FN:29,(anonymous_1)
FN:46,(anonymous_2)
FN:53,(anonymous_3)
FN:64,(anonymous_4)
FNF:5
FNH:5
FNDA:56,(anonymous_0)
FNDA:1237,(anonymous_1)
FNDA:3,(anonymous_2)
FNDA:288,(anonymous_3)
FNDA:425,(anonymous_4)
DA:5,8
DA:6,8
DA:7,8
DA:15,56
DA:16,56
DA:17,504
DA:18,504
DA:19,504
DA:21,56
DA:22,56
DA:30,1237
DA:31,0
DA:32,0
DA:36,1237
DA:37,1237
DA:38,1237
DA:39,1237
DA:40,1237
DA:47,3
DA:54,288
DA:66,425
DA:67,425
DA:68,425
DA:69,425
DA:72,425
LF:25
LH:23
BRDA:30,0,0,0
BRF:1
BRH:0
end_of_record
