TN:
SF:src/actors/slime.ts
FN:17,(anonymous_0)
FN:32,(anonymous_1)
FN:76,(anonymous_2)
FN:82,(anonymous_3)
FN:92,(anonymous_4)
FN:96,(anonymous_5)
FN:101,(anonymous_6)
FN:105,(anonymous_7)
FN:109,(anonymous_8)
FN:119,(anonymous_9)
FN:148,(anonymous_10)
FN:154,(anonymous_11)
FN:160,(anonymous_12)
FN:164,(anonymous_13)
FNF:14
FNH:10
FNDA:1,(anonymous_0)
FNDA:7,(anonymous_1)
FNDA:2,(anonymous_2)
FNDA:2,(anonymous_3)
FNDA:8,(anonymous_4)
FNDA:8,(anonymous_5)
FNDA:1,(anonymous_6)
FNDA:0,(anonymous_7)
FNDA:0,(anonymous_8)
FNDA:2,(anonymous_9)
FNDA:0,(anonymous_10)
FNDA:1,(anonymous_11)
FNDA:1,(anonymous_12)
FNDA:0,(anonymous_13)
DA:5,1
DA:13,1
DA:14,1
DA:17,1
DA:18,1
DA:19,1
DA:20,1
DA:21,1
DA:24,1
DA:27,7
DA:28,7
DA:30,7
DA:33,7
DA:42,7
DA:44,7
DA:53,7
DA:54,7
DA:55,7
DA:56,7
DA:57,7
DA:58,7
DA:65,7
DA:66,7
DA:67,7
DA:68,7
DA:78,2
DA:79,2
DA:84,2
DA:85,2
DA:88,2
DA:89,2
DA:92,2
DA:93,8
DA:96,2
DA:97,8
DA:102,1
DA:111,0
DA:112,0
DA:114,0
DA:120,2
DA:121,2
DA:123,2
DA:124,2
DA:126,2
DA:127,0
DA:128,0
DA:131,2
DA:133,0
DA:134,0
DA:136,1
DA:137,1
DA:139,1
DA:140,1
DA:142,0
DA:143,0
DA:149,0
DA:150,0
DA:155,1
DA:156,1
DA:161,1
DA:165,0
LF:61
LH:49
BRDA:17,0,0,1
BRDA:17,0,1,1
BRDA:42,1,0,7
BRDA:42,1,1,0
BRDA:111,2,0,0
BRDA:111,2,1,0
BRDA:119,3,0,2
BRDA:126,4,0,0
BRDA:131,5,0,0
BRDA:131,5,1,1
BRDA:131,5,2,1
BRDA:131,5,3,0
BRF:12
BRH:6
end_of_record
TN:
SF:src/genetics/slime-dna.ts
FN:21,(anonymous_0)
FN:56,(anonymous_1)
FN:70,(anonymous_2)
FN:75,(anonymous_3)
FN:80,(anonymous_4)
FN:85,(anonymous_5)
FN:89,(anonymous_6)
FN:114,(anonymous_7)
FN:145,(anonymous_8)
FN:152,(anonymous_9)
FNF:10
FNH:9
FNDA:30,(anonymous_0)
FNDA:118,(anonymous_1)
FNDA:13,(anonymous_2)
FNDA:0,(anonymous_3)
FNDA:34,(anonymous_4)
FNDA:2,(anonymous_5)
FNDA:10,(anonymous_6)
FNDA:6,(anonymous_7)
FNDA:1,(anonymous_8)
FNDA:1,(anonymous_9)
DA:1,2
DA:18,2
DA:22,30
DA:59,118
DA:61,139
DA:62,139
DA:63,139
DA:64,139
DA:67,118
DA:71,13
DA:76,0
DA:81,34
DA:86,2
DA:89,2
DA:90,10
DA:91,10
DA:94,10
DA:97,10
DA:98,10
DA:100,5
DA:101,5
DA:104,10
DA:110,2
DA:117,6
DA:118,6
DA:119,6
DA:122,6
DA:123,6
DA:124,6
DA:126,6
DA:128,6
DA:129,4
DA:130,4
DA:131,3
DA:132,1
DA:133,1
DA:136,6
DA:146,1
DA:153,1
LF:39
LH:38
BRDA:25,0,0,30
BRDA:25,0,1,20
BRDA:31,1,0,30
BRDA:31,1,1,22
BRDA:37,2,0,30
BRDA:37,2,1,26
BRDA:43,3,0,30
BRDA:43,3,1,23
BRDA:49,4,0,30
BRDA:49,4,1,27
BRDA:65,5,0,139
BRDA:65,5,1,130
BRDA:85,6,0,0
BRDA:94,7,0,3
BRDA:94,7,1,7
BRDA:98,8,0,5
BRDA:128,9,0,2
BRDA:128,9,1,4
BRDA:129,10,0,0
BRDA:129,10,1,4
BRDA:130,11,0,1
BRDA:130,11,1,3
BRDA:131,12,0,2
BRDA:131,12,1,1
BRDA:132,13,0,0
BRDA:132,13,1,1
BRF:26
BRH:23
end_of_record
